{
  name: 'NotFoundError',
  status: 404,
  type: 'not_found',
  level: 'error',
  label: 'custom logger',
  timestamp: 'Jul-07-2023 21:00:52'
}
{
  name: 'NotFoundError',
  status: 404,
  type: 'not_found',
  level: 'error',
  label: 'custom logger',
  timestamp: 'Jul-07-2023 21:02:38'
}
{
  name: 'NotFoundError',
  status: 404,
  type: 'not_found',
  level: 'error',
  label: 'custom logger',
  timestamp: 'Jul-07-2023 21:02:39'
}
{
  name: 'NotFoundError',
  status: 404,
  type: 'not_found',
  level: 'error',
  label: 'custom logger',
  timestamp: 'Jul-07-2023 21:02:39'
}
{
  name: 'NotFoundError',
  status: 404,
  type: 'not_found',
  level: 'error',
  label: 'custom logger',
  timestamp: 'Jul-07-2023 21:02:39'
}
{
  name: 'NotFoundError',
  status: 404,
  type: 'not_found',
  level: 'error',
  label: 'custom logger',
  timestamp: 'Jul-07-2023 21:02:39'
}
{
  name: 'NotFoundError',
  status: 404,
  type: 'not_found',
  level: 'error',
  label: 'custom logger',
  timestamp: 'Jul-07-2023 21:03:01'
}
{
  name: 'NotFoundError',
  status: 404,
  type: 'not_found',
  level: 'error',
  label: 'custom logger',
  timestamp: 'Jul-07-2023 21:03:17'
}
{
  name: 'NotFoundError',
  status: 404,
  type: 'not_found',
  level: 'error',
  label: 'custom logger',
  timestamp: 'Jul-07-2023 21:03:23'
}
{
  name: 'NotFoundError',
  status: 404,
  type: 'not_found',
  level: 'error',
  label: 'custom logger',
  timestamp: 'Jul-07-2023 21:03:36'
}
{
  name: 'NotFoundError',
  status: 404,
  type: 'not_found',
  level: 'error',
  label: 'custom logger',
  timestamp: 'Jul-07-2023 21:03:55'
}
{
  name: 'NotFoundError',
  status: 404,
  type: 'not_found',
  level: 'error',
  label: 'custom logger',
  timestamp: 'Jul-07-2023 21:04:09'
}
{
  name: 'NotFoundError',
  status: 404,
  type: 'not_found',
  level: 'error',
  label: 'custom logger',
  timestamp: 'Jul-07-2023 21:05:11'
}
{
  name: 'NotFoundError',
  status: 404,
  type: 'not_found',
  level: 'error',
  label: 'custom logger',
  timestamp: 'Jul-07-2023 21:05:41'
}
{
  name: 'NotFoundError',
  status: 404,
  type: 'not_found',
  level: 'error',
  label: 'custom logger',
  timestamp: 'Jul-07-2023 21:05:50'
}
{
  name: 'NotFoundError',
  status: 404,
  type: 'not_found',
  level: 'error',
  label: 'custom logger',
  timestamp: 'Jul-07-2023 21:05:54'
}
{
  name: 'NotFoundError',
  status: 404,
  type: 'not_found',
  level: 'error',
  label: 'custom logger',
  timestamp: 'Jul-07-2023 21:05:54'
}
{
  name: 'NotFoundError',
  status: 404,
  type: 'not_found',
  level: 'error',
  label: 'custom logger',
  timestamp: 'Jul-07-2023 21:05:54'
}
{
  name: 'NotFoundError',
  status: 404,
  type: 'not_found',
  level: 'error',
  label: 'custom logger',
  timestamp: 'Jul-07-2023 21:05:55'
}
{
  name: 'NotFoundError',
  status: 404,
  type: 'not_found',
  level: 'error',
  label: 'custom logger',
  timestamp: 'Jul-07-2023 21:05:55'
}
{
  name: 'NotFoundError',
  status: 404,
  type: 'not_found',
  level: 'error',
  label: 'custom logger',
  timestamp: 'Jul-07-2023 21:05:55'
}
{
  name: 'NotFoundError',
  status: 404,
  type: 'not_found',
  level: 'error',
  label: 'custom logger',
  timestamp: 'Jul-07-2023 21:06:02'
}
{
  name: 'NotFoundError',
  status: 404,
  type: 'not_found',
  level: 'error',
  label: 'custom logger',
  timestamp: 'Jul-07-2023 21:06:12'
}
{
  name: 'NotFoundError',
  status: 404,
  type: 'not_found',
  level: 'error',
  label: 'custom logger',
  timestamp: 'Jul-07-2023 21:06:19'
}
{
  name: 'NotFoundError',
  status: 404,
  type: 'not_found',
  level: 'error',
  label: 'custom logger',
  timestamp: 'Jul-07-2023 21:06:46'
}
{
  name: 'NotFoundError',
  status: 404,
  type: 'not_found',
  level: 'error',
  label: 'custom logger',
  timestamp: 'Jul-07-2023 21:06:54'
}
{
  name: 'NotFoundError',
  status: 404,
  type: 'not_found',
  level: 'error',
  label: 'custom logger',
  timestamp: 'Jul-07-2023 21:07:01'
}
{
  name: 'NotFoundError',
  status: 404,
  type: 'not_found',
  level: 'error',
  label: 'custom logger',
  timestamp: 'Jul-07-2023 21:07:04'
}
{
  name: 'NotFoundError',
  status: 404,
  type: 'not_found',
  level: 'error',
  label: 'custom logger',
  timestamp: 'Jul-07-2023 21:07:14'
}
{
  name: 'NotFoundError',
  status: 404,
  type: 'not_found',
  level: 'error',
  label: 'custom logger',
  timestamp: 'Jul-07-2023 21:07:35'
}
{
  name: 'NotFoundError',
  status: 404,
  type: 'not_found',
  level: 'error',
  label: 'custom logger',
  timestamp: 'Jul-07-2023 21:07:38'
}
{
  name: 'NotFoundError',
  status: 404,
  type: 'not_found',
  level: 'error',
  label: 'custom logger',
  timestamp: 'Jul-07-2023 21:07:53'
}
{
  name: 'NotFoundError',
  status: 404,
  type: 'not_found',
  level: 'error',
  label: 'custom logger',
  timestamp: 'Jul-07-2023 21:07:59'
}
{
  name: 'NotFoundError',
  status: 404,
  type: 'not_found',
  level: 'error',
  label: 'custom logger',
  timestamp: 'Jul-07-2023 21:08:05'
}
{
  name: 'NotFoundError',
  status: 404,
  type: 'not_found',
  level: 'error',
  label: 'custom logger',
  timestamp: 'Jul-07-2023 21:08:22'
}
{
  name: 'NotFoundError',
  status: 404,
  type: 'not_found',
  level: 'error',
  label: 'custom logger',
  timestamp: 'Jul-07-2023 21:08:25'
}
{
  name: 'NotFoundError',
  status: 404,
  type: 'not_found',
  level: 'error',
  label: 'custom logger',
  timestamp: 'Jul-07-2023 21:09:04'
}
{
  name: 'NotFoundError',
  status: 404,
  type: 'not_found',
  level: 'error',
  label: 'custom logger',
  timestamp: 'Jul-07-2023 21:09:20'
}
{
  name: 'NotFoundError',
  status: 404,
  type: 'not_found',
  level: 'error',
  label: 'custom logger',
  timestamp: 'Jul-07-2023 21:09:52'
}
{
  name: 'NotFoundError',
  status: 404,
  type: 'not_found',
  level: 'error',
  label: 'custom logger',
  timestamp: 'Jul-07-2023 21:10:03'
}
{
  name: 'NotFoundError',
  status: 404,
  type: 'not_found',
  level: 'error',
  label: 'custom logger',
  timestamp: 'Jul-07-2023 21:10:04'
}
{
  name: 'NotFoundError',
  status: 404,
  type: 'not_found',
  level: 'error',
  label: 'custom logger',
  timestamp: 'Jul-07-2023 21:10:14'
}
{
  name: 'NotFoundError',
  status: 404,
  type: 'not_found',
  level: 'error',
  label: 'custom logger',
  timestamp: 'Jul-07-2023 21:10:15'
}
{
  name: 'NotFoundError',
  status: 404,
  type: 'not_found',
  level: 'error',
  label: 'custom logger',
  timestamp: 'Jul-07-2023 21:22:51'
}
{
  name: 'NotFoundError',
  status: 404,
  type: 'not_found',
  level: 'error',
  label: 'custom logger',
  timestamp: 'Jul-07-2023 21:26:22'
}
{
  name: 'NotFoundError',
  status: 404,
  type: 'not_found',
  level: 'error',
  label: 'custom logger',
  timestamp: 'Jul-07-2023 21:26:30'
}
{
  name: 'NotFoundError',
  status: 404,
  type: 'not_found',
  level: 'error',
  label: 'custom logger',
  timestamp: 'Jul-07-2023 21:26:31'
}
{
  name: 'NotFoundError',
  status: 404,
  type: 'not_found',
  level: 'error',
  label: 'custom logger',
  timestamp: 'Jul-07-2023 21:26:41'
}
{
  name: 'NotFoundError',
  status: 404,
  type: 'not_found',
  level: 'error',
  label: 'custom logger',
  timestamp: 'Jul-07-2023 21:26:45'
}
{
  name: 'NotFoundError',
  status: 404,
  type: 'not_found',
  level: 'error',
  label: 'custom logger',
  timestamp: 'Jul-07-2023 21:26:52'
}
{
  name: 'NotFoundError',
  status: 404,
  type: 'not_found',
  level: 'error',
  label: 'custom logger',
  timestamp: 'Jul-07-2023 21:27:04'
}
{
  name: 'NotFoundError',
  status: 404,
  type: 'not_found',
  level: 'error',
  label: 'custom logger',
  timestamp: 'Jul-07-2023 21:27:15'
}
{
  name: 'NotFoundError',
  status: 404,
  type: 'not_found',
  level: 'error',
  label: 'custom logger',
  timestamp: 'Jul-07-2023 21:36:44'
}
{
  name: 'NotFoundError',
  status: 404,
  type: 'not_found',
  level: 'error',
  label: 'custom logger',
  timestamp: 'Jul-07-2023 21:37:11'
}
{
  name: 'NotFoundError',
  status: 404,
  type: 'not_found',
  level: 'error',
  label: 'custom logger',
  timestamp: 'Jul-07-2023 21:37:54'
}
{
  stringValue: '"null"',
  messageFormat: undefined,
  kind: 'Object',
  value: null,
  path: '$and.3',
  reason: undefined,
  valueType: 'null',
  model: Model { Product },
  level: 'error',
  label: 'custom logger',
  timestamp: 'Jul-07-2023 21:40:54'
}
{
  name: 'NotFoundError',
  status: 404,
  type: 'not_found',
  level: 'error',
  label: 'custom logger',
  timestamp: 'Jul-07-2023 21:40:54'
}
{
  name: 'NotFoundError',
  status: 404,
  type: 'not_found',
  level: 'error',
  label: 'custom logger',
  timestamp: 'Jul-07-2023 21:41:28'
}
{
  name: 'NotFoundError',
  status: 404,
  type: 'not_found',
  level: 'error',
  label: 'custom logger',
  timestamp: 'Jul-07-2023 21:41:29'
}
{
  name: 'NotFoundError',
  status: 404,
  type: 'not_found',
  level: 'error',
  label: 'custom logger',
  timestamp: 'Jul-07-2023 21:41:30'
}
{
  name: 'NotFoundError',
  status: 404,
  type: 'not_found',
  level: 'error',
  label: 'custom logger',
  timestamp: 'Jul-07-2023 21:41:30'
}
{
  name: 'NotFoundError',
  status: 404,
  type: 'not_found',
  level: 'error',
  label: 'custom logger',
  timestamp: 'Jul-07-2023 21:42:01'
}
{
  name: 'NotFoundError',
  status: 404,
  type: 'not_found',
  level: 'error',
  label: 'custom logger',
  timestamp: 'Jul-07-2023 21:42:12'
}
{
  name: 'NotFoundError',
  status: 404,
  type: 'not_found',
  level: 'error',
  label: 'custom logger',
  timestamp: 'Jul-07-2023 21:42:17'
}
{
  name: 'NotFoundError',
  status: 404,
  type: 'not_found',
  level: 'error',
  label: 'custom logger',
  timestamp: 'Jul-07-2023 21:42:31'
}
{
  name: 'NotFoundError',
  status: 404,
  type: 'not_found',
  level: 'error',
  label: 'custom logger',
  timestamp: 'Jul-07-2023 21:44:47'
}
{
  name: 'NotFoundError',
  status: 404,
  type: 'not_found',
  level: 'error',
  label: 'custom logger',
  timestamp: 'Jul-07-2023 21:45:39'
}
{
  name: 'NotFoundError',
  status: 404,
  type: 'not_found',
  level: 'error',
  label: 'custom logger',
  timestamp: 'Jul-07-2023 21:47:14'
}
{
  name: 'NotFoundError',
  status: 404,
  type: 'not_found',
  level: 'error',
  label: 'custom logger',
  timestamp: 'Jul-07-2023 21:47:32'
}
{
  level: 'error',
  label: 'custom logger',
  timestamp: 'Jul-07-2023 21:59:27'
}
{
  name: 'NotFoundError',
  status: 404,
  type: 'not_found',
  level: 'error',
  label: 'custom logger',
  timestamp: 'Jul-07-2023 21:59:27'
}
{
  name: 'NotFoundError',
  status: 404,
  type: 'not_found',
  level: 'error',
  label: 'custom logger',
  timestamp: 'Jul-07-2023 22:00:19'
}
{
  name: 'NotFoundError',
  status: 404,
  type: 'not_found',
  level: 'error',
  label: 'custom logger',
  timestamp: 'Jul-07-2023 22:00:34'
}
{
  name: 'NotFoundError',
  status: 404,
  type: 'not_found',
  level: 'error',
  label: 'custom logger',
  timestamp: 'Jul-07-2023 22:02:20'
}
{
  name: 'NotFoundError',
  status: 404,
  type: 'not_found',
  level: 'error',
  label: 'custom logger',
  timestamp: 'Jul-07-2023 22:07:10'
}
{
  name: 'NotFoundError',
  status: 404,
  type: 'not_found',
  level: 'error',
  label: 'custom logger',
  timestamp: 'Jul-07-2023 23:28:04'
}
{
  name: 'NotFoundError',
  status: 404,
  type: 'not_found',
  level: 'error',
  label: 'custom logger',
  timestamp: 'Jul-07-2023 23:28:15'
}
{
  name: 'NotFoundError',
  status: 404,
  type: 'not_found',
  level: 'error',
  label: 'custom logger',
  timestamp: 'Jul-07-2023 23:28:20'
}
{
  name: 'NotFoundError',
  status: 404,
  type: 'not_found',
  level: 'error',
  label: 'custom logger',
  timestamp: 'Jul-07-2023 23:28:24'
}
{
  name: 'NotFoundError',
  status: 404,
  type: 'not_found',
  level: 'error',
  label: 'custom logger',
  timestamp: 'Jul-07-2023 23:28:30'
}
{
  name: 'NotFoundError',
  status: 404,
  type: 'not_found',
  level: 'error',
  label: 'custom logger',
  timestamp: 'Jul-07-2023 23:30:08'
}
{
  name: 'NotFoundError',
  status: 404,
  type: 'not_found',
  level: 'error',
  label: 'custom logger',
  timestamp: 'Jul-07-2023 23:30:19'
}
{
  name: 'NotFoundError',
  status: 404,
  type: 'not_found',
  level: 'error',
  label: 'custom logger',
  timestamp: 'Jul-07-2023 23:31:21'
}
{
  name: 'NotFoundError',
  status: 404,
  type: 'not_found',
  level: 'error',
  label: 'custom logger',
  timestamp: 'Jul-07-2023 23:31:34'
}
{
  name: 'NotFoundError',
  status: 404,
  type: 'not_found',
  level: 'error',
  label: 'custom logger',
  timestamp: 'Jul-07-2023 23:32:24'
}
{
  name: 'NotFoundError',
  status: 404,
  type: 'not_found',
  level: 'error',
  label: 'custom logger',
  timestamp: 'Jul-07-2023 23:33:28'
}
{
  name: 'NotFoundError',
  status: 404,
  type: 'not_found',
  level: 'error',
  label: 'custom logger',
  timestamp: 'Jul-07-2023 23:34:17'
}
