[0mGET /api/v1/payments/pk [32m200[0m 4.641 ms - 183[0m
[0mGET /favicon.ico [33m404[0m 1.426 ms - 65[0m
[0mPOST /api/v1/auth/signup [31m500[0m 2369.988 ms - 65[0m
[0mPOST /api/v1/auth/signup [31m500[0m 185.586 ms - 65[0m
[0mPOST /api/v1/auth/signup [32m201[0m 1541.254 ms - 305[0m[0mPOST /categories/ [33m404[0m 3.719 ms - 65[0m
[0mPOST /api/v1/categories/ [33m401[0m 0.973 ms - 79[0m
[0mPOST /api/v1/categories/ [32m201[0m 53.796 ms - 257[0m
[0mGET /api/v1/docs [32m200[0m 4.225 ms - 3106[0m
[0mGET /api/v1/swagger-ui.css [33m404[0m 5.913 ms - 65[0m
[0mGET /api/v1/swagger-ui-bundle.js [33m404[0m 1.426 ms - 65[0m
[0mGET /api/v1/swagger-ui-standalone-preset.js [33m404[0m 1.054 ms - 65[0m
[0mGET /api/v1/swagger-ui-init.js [33m404[0m 1.125 ms - 65[0m
[0mGET /api/v1/favicon-32x32.png [33m404[0m 0.839 ms - 65[0m
[0mGET /api/v1/favicon-16x16.png [33m404[0m 1.087 ms - 65[0m
[0mGET /api/v1/docs [33m404[0m 4.431 ms - 65[0m
[0mGET /favicon.ico [33m404[0m 1.392 ms - 65[0m
[0mGET /docs [36m301[0m 3.416 ms - 175[0m
[0mGET /docs/ [32m200[0m 2.191 ms - 3106[0m
[0mGET /docs/swagger-ui-init.js [32m200[0m 0.400 ms - 2125[0m
[0mGET /docs/swagger-ui.css [32m200[0m 26.720 ms - 150945[0m
[0mGET /docs/swagger-ui-standalone-preset.js [32m200[0m 23.370 ms - 246440[0m
[0mGET /docs/swagger-ui-bundle.js [32m200[0m 24.152 ms - 1435746[0m
[0mGET /docs/favicon-32x32.png [32m200[0m 2.773 ms - 628[0m
[0mGET /docs/ [33m404[0m 4.350 ms - 65[0m
[0mGET /docs/v1 [36m301[0m 4.137 ms - 181[0m
[0mGET /docs/v1/ [32m200[0m 1.807 ms - 3106[0m
[0mGET /docs/v1/swagger-ui.css [32m200[0m 5.682 ms - 150945[0m
[0mGET /docs/v1/swagger-ui-bundle.js [32m200[0m 3.183 ms - 1435746[0m
[0mGET /docs/v1/swagger-ui-standalone-preset.js [32m200[0m 1.776 ms - 246440[0m
[0mGET /docs/v1/swagger-ui-init.js [32m200[0m 0.325 ms - 2125[0m
[0mGET /docs/v1/favicon-32x32.png [32m200[0m 1.271 ms - 628[0m
[0mGET /docs/ [33m404[0m 3.675 ms - 65[0m
[0mGET /api/v1/docs [36m301[0m 2.607 ms - 189[0m
[0mGET /api/v1/docs/ [32m200[0m 2.428 ms - 3106[0m
[0mGET /api/v1/docs/swagger-ui-init.js [32m200[0m 0.454 ms - 2125[0m
[0mGET /api/v1/docs/swagger-ui.css [32m200[0m 10.365 ms - 150945[0m
[0mGET /api/v1/docs/swagger-ui-standalone-preset.js [32m200[0m 5.913 ms - 246440[0m
[0mGET /api/v1/docs/swagger-ui-bundle.js [32m200[0m 6.470 ms - 1435746[0m
[0mGET /api/v1/docs/favicon-32x32.png [32m200[0m 0.731 ms - 628[0m
[0mGET /api/v1/docs/ [36m304[0m 6.193 ms - -[0m
[0mGET /api/v1/docs/swagger-ui.css [36m304[0m 14.748 ms - -[0m
[0mGET /api/v1/docs/swagger-ui-bundle.js [36m304[0m 25.095 ms - -[0m
[0mGET /api/v1/docs/swagger-ui-standalone-preset.js [36m304[0m 26.927 ms - -[0m
[0mGET /api/v1/docs/swagger-ui-init.js [32m200[0m 0.605 ms - 2070[0m
[0mGET /api/v1/docs/favicon-32x32.png [36m304[0m 9.815 ms - -[0m
[0mGET /api/v1/docs/ [36m304[0m 4.057 ms - -[0m
[0mGET /api/v1/docs/swagger-ui.css [36m304[0m 0.955 ms - -[0m
[0mGET /api/v1/docs/swagger-ui-init.js [32m200[0m 0.529 ms - 2125[0m
[0mGET /api/v1/docs/swagger-ui-bundle.js [36m304[0m 3.882 ms - -[0m
[0mGET /api/v1/docs/swagger-ui-standalone-preset.js [36m304[0m 4.292 ms - -[0m
[0mGET /api/v1/docs/favicon-32x32.png [36m304[0m 0.521 ms - -[0m
[0mGET /api/v1/docs/ [36m304[0m 0.892 ms - -[0m
[0mGET /api/v1/docs/swagger-ui.css [36m304[0m 1.498 ms - -[0m
[0mGET /api/v1/docs/swagger-ui-init.js [36m304[0m 0.293 ms - -[0m
[0mGET /api/v1/docs/swagger-ui-bundle.js [36m304[0m 4.624 ms - -[0m
[0mGET /api/v1/docs/swagger-ui-standalone-preset.js [36m304[0m 5.107 ms - -[0m
[0mGET /api/v1/docs/favicon-32x32.png [36m304[0m 1.242 ms - -[0m
[0mGET /api/v1/docs/ [36m304[0m 4.441 ms - -[0m
[0mGET /api/v1/docs/swagger-ui-init.js [36m304[0m 0.536 ms - -[0m
[0mGET /api/v1/docs/swagger-ui.css [36m304[0m 6.361 ms - -[0m
[0mGET /api/v1/docs/swagger-ui-bundle.js [36m304[0m 10.415 ms - -[0m
[0mGET /api/v1/docs/swagger-ui-standalone-preset.js [36m304[0m 11.524 ms - -[0m
[0mGET /api/v1/docs/favicon-32x32.png [36m304[0m 0.498 ms - -[0m
[0mGET /api/v1/docs/ [36m304[0m 1.068 ms - -[0m
[0mGET /api/v1/docs/swagger-ui.css [36m304[0m 0.950 ms - -[0m
[0mGET /api/v1/docs/swagger-ui-init.js [36m304[0m 0.227 ms - -[0m
[0mGET /api/v1/docs/swagger-ui-bundle.js [36m304[0m 4.265 ms - -[0m
[0mGET /api/v1/docs/swagger-ui-standalone-preset.js [36m304[0m 3.504 ms - -[0m
[0mGET /api/v1/docs/favicon-32x32.png [36m304[0m 1.062 ms - -[0m
[0mGET /api/v1/docs/ [36m304[0m 1.175 ms - -[0m
[0mGET /api/v1/docs/swagger-ui-init.js [36m304[0m 0.364 ms - -[0m
[0mGET /api/v1/docs/swagger-ui.css [36m304[0m 4.013 ms - -[0m
[0mGET /api/v1/docs/swagger-ui-bundle.js [36m304[0m 4.056 ms - -[0m
[0mGET /api/v1/docs/swagger-ui-standalone-preset.js [36m304[0m 4.283 ms - -[0m
[0mGET /api/v1/docs/ [36m304[0m 0.748 ms - -[0m
[0mGET /api/v1/docs/swagger-ui.css [36m304[0m 1.896 ms - -[0m
[0mGET /api/v1/docs/swagger-ui-bundle.js [36m304[0m 2.977 ms - -[0m
[0mGET /api/v1/docs/swagger-ui-init.js [36m304[0m 0.211 ms - -[0m
[0mGET /api/v1/docs/swagger-ui-standalone-preset.js [36m304[0m 2.087 ms - -[0m
[0mGET /api/v1/docs/favicon-32x32.png [36m304[0m 0.513 ms - -[0m
[0mGET /api/v1/docs/ [36m304[0m 0.691 ms - -[0m
[0mGET /api/v1/docs/swagger-ui.css [36m304[0m 2.584 ms - -[0m
[0mGET /api/v1/docs/swagger-ui-bundle.js [36m304[0m 2.937 ms - -[0m
[0mGET /api/v1/docs/swagger-ui-init.js [36m304[0m 0.276 ms - -[0m
[0mGET /api/v1/docs/swagger-ui-standalone-preset.js [36m304[0m 2.046 ms - -[0m
[0mGET /api/v1/docs/favicon-32x32.png [36m304[0m 1.167 ms - -[0m
[0mGET /api/v1/docs/ [36m304[0m 0.675 ms - -[0m
[0mGET /api/v1/docs/swagger-ui-init.js [36m304[0m 0.200 ms - -[0m
[0mGET /api/v1/docs/swagger-ui.css [36m304[0m 3.658 ms - -[0m
[0mGET /api/v1/docs/swagger-ui-bundle.js [36m304[0m 4.208 ms - -[0m
[0mGET /api/v1/docs/swagger-ui-standalone-preset.js [36m304[0m 4.825 ms - -[0m
[0mGET /api/v1/docs/favicon-32x32.png [36m304[0m 0.435 ms - -[0m
[0mGET /api/v1/docs/ [36m304[0m 5.583 ms - -[0m
[0mGET /api/v1/docs/swagger-ui.css [36m304[0m 3.215 ms - -[0m
[0mGET /api/v1/docs/swagger-ui-bundle.js [36m304[0m 1.248 ms - -[0m
[0mGET /api/v1/docs/swagger-ui-init.js [32m200[0m 0.677 ms - 3685[0m
[0mGET /api/v1/docs/swagger-ui-standalone-preset.js [36m304[0m 4.164 ms - -[0m
[0mGET /api/v1/docs/favicon-32x32.png [36m304[0m 0.488 ms - -[0m
[0mGET /api/v1/docs/ [36m304[0m 4.599 ms - -[0m
[0mGET /api/v1/docs/swagger-ui.css [36m304[0m 2.694 ms - -[0m
[0mGET /api/v1/docs/swagger-ui-init.js [32m200[0m 0.482 ms - 6407[0m
[0mGET /api/v1/docs/swagger-ui-bundle.js [36m304[0m 4.359 ms - -[0m
[0mGET /api/v1/docs/swagger-ui-standalone-preset.js [36m304[0m 5.550 ms - -[0m
[0mGET /api/v1/docs/favicon-32x32.png [36m304[0m 0.465 ms - -[0m
[0mGET /api/v1/docs/ [32m200[0m 6.816 ms - 3419[0m
[0mGET /api/v1/docs/swagger-ui-init.js [36m304[0m 0.606 ms - -[0m
[0mGET /api/v1/docs/swagger-ui.css [36m304[0m 6.843 ms - -[0m
[0mGET /api/v1/docs/swagger-ui-bundle.js [36m304[0m 7.095 ms - -[0m
[0mGET /api/v1/docs/swagger-ui-standalone-preset.js [36m304[0m 6.725 ms - -[0m
[0mGET /api/v1/docs/favicon-32x32.png [36m304[0m 0.736 ms - -[0m
[0mGET /api/v1/docs/swagger-ui.css [36m304[0m 0.848 ms - -[0m
[0mGET /api/v1/docs/swagger-ui.css.map [32m200[0m 4.667 ms - 260491[0m
[0mGET /api/v1/docs/swagger-ui-standalone-preset.js.map [32m200[0m 2.346 ms - 398186[0m
[0mGET /api/v1/docs/swagger-ui-bundle.js.map [32m200[0m 2.797 ms - 2066928[0m
[0mGET /api/v1/docs/ [32m200[0m 0.838 ms - 3419[0m
[0mGET /api/v1/docs/swagger-ui-init.js [32m200[0m 0.240 ms - 6407[0m
[0mGET /api/v1/docs/swagger-ui.css [32m200[0m 7.029 ms - 150945[0m
[0mGET /api/v1/docs/swagger-ui-standalone-preset.js [32m200[0m 4.693 ms - 246440[0m
[0mGET /api/v1/docs/swagger-ui-bundle.js [32m200[0m 5.605 ms - 1435746[0m
[0mGET /api/v1/docs/swagger-ui.css.map [32m200[0m 1.057 ms - 260491[0m
[0mGET /api/v1/docs/swagger-ui-bundle.js.map [32m200[0m 0.999 ms - 2066928[0m
[0mGET /api/v1/docs/swagger-ui-standalone-preset.js.map [32m200[0m 1.340 ms - 398186[0m
[0mGET /api/v1/docs/favicon-32x32.png [32m200[0m 1.353 ms - 628[0m
[0mGET / [33m404[0m 3.675 ms - 107[0m
[0mGET /favicon.ico [33m404[0m 2.119 ms - 107[0m
[0mGET /api/v1 [32m200[0m 1.008 ms - 80[0m
[0mPOST /api/v1/auth/login [32m200[0m 436.947 ms - 263[0m
[0mGET /api/v1/cart [32m200[0m 75.985 ms - 266[0m
[0mPOST /api/v1/cart [32m201[0m 82.970 ms - 156[0m
[0mPOST /api/v1/cart [32m201[0m 69.571 ms - 204[0m
[0mPOST /api/v1/cart [32m201[0m 15.343 ms - 252[0m
[0mGET /api/v1/cart [32m200[0m 8.597 ms - 460[0m
[0mGET /api/v1/users/me [32m200[0m 68.897 ms - 221[0m
[0mGET /api/v1/cart [32m200[0m 11.743 ms - 460[0m
[0mPOST /api/v1/orders [31m500[0m 75.698 ms - 102[0m
[0mPOST /api/v1/orders [31m500[0m 67.904 ms - 102[0m
[0mPOST /api/v1/orders [31m500[0m 74.506 ms - 102[0m
[0mPOST /api/v1/orders [31m500[0m 83.631 ms - 102[0m
[0mGET /api/v1/cart [32m200[0m 41.148 ms - 460[0m
[0mGET /api/v1/users/me [32m200[0m 121.159 ms - 221[0m
[0mGET /api/v1/users/me [32m200[0m 32.573 ms - 221[0m
[0mGET /api/v1/users/me [32m200[0m 39.177 ms - 221[0m
[0mGET /api/v1/users/me [32m200[0m 34.214 ms - 221[0m
[0mGET /api/v1/users/me [32m200[0m 35.786 ms - 221[0m
[0mGET /api/v1/users/me [31m500[0m 35.749 ms - 102[0m
[0mGET /api/v1/users/me [31m500[0m 25.437 ms - 102[0m
[0mGET /api/v1/users/me [32m200[0m 36.466 ms - 221[0m
[0mPOST /api/v1/auth/login [32m200[0m 223.773 ms - 263[0m
[0mGET /api/v1/users/me [32m200[0m 14.569 ms - 221[0m
[0mGET /api/v1/cart [32m200[0m 80.573 ms - 460[0m
[0mGET /api/v1/cart [32m200[0m 40.096 ms - 460[0m
[0mGET /api/v1/users/me [32m200[0m 16.809 ms - 221[0m
[0mGET /api/v1/users/me [32m200[0m 30.859 ms - 221[0m
[0mGET /api/v1/orders/user [32m201[0m 41.933 ms - 69[0m
[0mGET /api/v1/orders/user [32m200[0m 24.340 ms - 69[0m
[0mGET /api/v1/orders/user [32m200[0m 25.937 ms - 69[0m
[0mGET /api/v1/address [32m200[0m 25.414 ms - 77[0m
[0mPOST /api/v1/address [32m200[0m 38.217 ms - 407[0m
[0mGET /api/v1/address [32m200[0m 35.117 ms - 409[0m
[0mGET /api/v1/users/me [32m200[0m 13.944 ms - 553[0m
[0mPOST /api/v1/orders [31m500[0m 53.045 ms - 102[0m
[0mGET /api/v1/cart [32m200[0m 11.623 ms - 460[0m
[0mPOST /api/v1/cart [32m201[0m 126.038 ms - 173[0m
[0mPOST /api/v1/cart [32m201[0m 14.429 ms - 238[0m
[0mPOST /api/v1/cart [32m201[0m 14.742 ms - 303[0m
[0mGET /api/v1/cart [32m200[0m 7.544 ms - 460[0m
[0mGET /api/v1/cart [32m200[0m 26.820 ms - 492[0m
[0mGET /api/v1/cart [32m200[0m 62.473 ms - 446[0m
[0mGET /api/v1/cart [32m200[0m 41.228 ms - 440[0m
[0mGET /api/v1/cart [32m200[0m 38.425 ms - 460[0m
[0mGET /api/v1/cart [31m500[0m 36.163 ms - 152[0m
[0mGET /api/v1/cart [31m500[0m 42.440 ms - 152[0m
[0mGET /api/v1/cart [31m500[0m 43.235 ms - 152[0m
[0mGET /api/v1/cart [31m500[0m 45.667 ms - 152[0m
[0mGET /api/v1/cart [31m500[0m 50.163 ms - 152[0m
[0mGET /api/v1/cart [31m500[0m 89.300 ms - 152[0m
[0mGET /api/v1/cart [31m500[0m 47.524 ms - 152[0m
[0mGET /api/v1/cart [31m500[0m 45.127 ms - 152[0m
[0mGET /api/v1/cart [31m500[0m 49.100 ms - 152[0m
[0mGET /api/v1/cart [31m500[0m 51.301 ms - 152[0m
[0mDELETE /api/v1/cart/64b8051c629a103455bfd604 [32m200[0m 18.343 ms - 182[0m
[0mDELETE /api/v1/cart/64b8051c629a103455bfd604 [32m200[0m 9.377 ms - 147[0m
[0mDELETE /api/v1/cart/64c28ccb29cc4e3747815336 [32m200[0m 9.698 ms - 147[0m
[0mDELETE /api/v1/cart/64b7ffec66ccf4426a83cf03 [32m200[0m 9.609 ms - 112[0m
[0mDELETE /api/v1/cart/64b7ffec66ccf4426a83cf03 [32m200[0m 8.923 ms - 78[0m
[0mGET /api/v1/cart [32m200[0m 9.466 ms - 266[0m
[0mPOST /api/v1/cart [31m500[0m 27.231 ms - 154[0m
[0mPOST /api/v1/cart [32m201[0m 67.898 ms - 343[0m
[0mGET /api/v1/cart [32m200[0m 22.716 ms - 568[0m
[0mGET /api/v1/cart [32m200[0m 51.797 ms - 564[0m
[0mPOST /api/v1/cart [32m201[0m 39.768 ms - 487[0m
[0mGET /api/v1/cart [32m200[0m 14.353 ms - 707[0m
[0mGET /api/v1/cart [32m200[0m 11.962 ms - 707[0m
[0mPOST /api/v1/orders [31m500[0m 14.650 ms - 102[0m
