{
  message: 'connected to shoperz database successfully ..',
  level: 'info',
  label: 'custom logger',
  timestamp: 'May-31-2023 14:36:40'
}
{
  name: 'NotFoundError',
  status: 404,
  type: 'not_found',
  level: 'error',
  label: 'custom logger',
  timestamp: 'May-31-2023 14:36:44'
}
{
  name: 'NotFoundError',
  status: 404,
  type: 'not_found',
  level: 'error',
  label: 'custom logger',
  timestamp: 'May-31-2023 14:36:49'
}
{
  name: 'NotFoundError',
  status: 404,
  type: 'not_found',
  level: 'error',
  label: 'custom logger',
  timestamp: 'May-31-2023 14:36:55'
}
{
  name: 'NotFoundError',
  status: 404,
  type: 'not_found',
  level: 'error',
  label: 'custom logger',
  timestamp: 'May-31-2023 14:37:02'
}
{
  name: 'NotFoundError',
  status: 404,
  type: 'not_found',
  level: 'error',
  label: 'custom logger',
  timestamp: 'May-31-2023 14:37:07'
}
{
  name: 'NotFoundError',
  status: 404,
  type: 'not_found',
  level: 'error',
  label: 'custom logger',
  timestamp: 'May-31-2023 14:37:13'
}
{
  name: 'NotFoundError',
  status: 404,
  type: 'not_found',
  level: 'error',
  label: 'custom logger',
  timestamp: 'May-31-2023 14:37:20'
}
{
  name: 'NotFoundError',
  status: 404,
  type: 'not_found',
  level: 'error',
  label: 'custom logger',
  timestamp: 'May-31-2023 14:37:26'
}
{
  name: 'NotFoundError',
  status: 404,
  type: 'not_found',
  level: 'error',
  label: 'custom logger',
  timestamp: 'May-31-2023 14:37:31'
}
{
  name: 'NotFoundError',
  status: 404,
  type: 'not_found',
  level: 'error',
  label: 'custom logger',
  timestamp: 'May-31-2023 14:37:38'
}
{
  name: 'NotFoundError',
  status: 404,
  type: 'not_found',
  level: 'error',
  label: 'custom logger',
  timestamp: 'May-31-2023 14:37:44'
}
{
  name: 'NotFoundError',
  status: 404,
  type: 'not_found',
  level: 'error',
  label: 'custom logger',
  timestamp: 'May-31-2023 14:37:50'
}
{
  name: 'NotFoundError',
  status: 404,
  type: 'not_found',
  level: 'error',
  label: 'custom logger',
  timestamp: 'May-31-2023 14:37:56'
}
{
  name: 'NotFoundError',
  status: 404,
  type: 'not_found',
  level: 'error',
  label: 'custom logger',
  timestamp: 'May-31-2023 14:38:02'
}
{
  name: 'NotFoundError',
  status: 404,
  type: 'not_found',
  level: 'error',
  label: 'custom logger',
  timestamp: 'May-31-2023 14:38:09'
}
{
  message: 'connected to shoperz database successfully ..',
  level: 'info',
  label: 'custom logger',
  timestamp: 'May-31-2023 14:38:27'
}
{
  name: 'NotFoundError',
  status: 404,
  type: 'not_found',
  level: 'error',
  label: 'custom logger',
  timestamp: 'May-31-2023 14:38:27'
}
{
  name: 'NotFoundError',
  status: 404,
  type: 'not_found',
  level: 'error',
  label: 'custom logger',
  timestamp: 'May-31-2023 14:38:32'
}
{
  name: 'NotFoundError',
  status: 404,
  type: 'not_found',
  level: 'error',
  label: 'custom logger',
  timestamp: 'May-31-2023 14:38:38'
}
{
  name: 'NotFoundError',
  status: 404,
  type: 'not_found',
  level: 'error',
  label: 'custom logger',
  timestamp: 'May-31-2023 14:38:45'
}
{
  name: 'NotFoundError',
  status: 404,
  type: 'not_found',
  level: 'error',
  label: 'custom logger',
  timestamp: 'May-31-2023 14:38:50'
}
{
  name: 'NotFoundError',
  status: 404,
  type: 'not_found',
  level: 'error',
  label: 'custom logger',
  timestamp: 'May-31-2023 14:38:56'
}
{
  name: 'NotFoundError',
  status: 404,
  type: 'not_found',
  level: 'error',
  label: 'custom logger',
  timestamp: 'May-31-2023 14:39:02'
}
{
  name: 'NotFoundError',
  status: 404,
  type: 'not_found',
  level: 'error',
  label: 'custom logger',
  timestamp: 'May-31-2023 14:39:08'
}
{
  name: 'NotFoundError',
  status: 404,
  type: 'not_found',
  level: 'error',
  label: 'custom logger',
  timestamp: 'May-31-2023 14:39:14'
}
{
  name: 'NotFoundError',
  status: 404,
  type: 'not_found',
  level: 'error',
  label: 'custom logger',
  timestamp: 'May-31-2023 14:39:20'
}
{
  name: 'NotFoundError',
  status: 404,
  type: 'not_found',
  level: 'error',
  label: 'custom logger',
  timestamp: 'May-31-2023 14:39:27'
}
{
  name: 'NotFoundError',
  status: 404,
  type: 'not_found',
  level: 'error',
  label: 'custom logger',
  timestamp: 'May-31-2023 14:39:29'
}
{
  name: 'NotFoundError',
  status: 404,
  type: 'not_found',
  level: 'error',
  label: 'custom logger',
  timestamp: 'May-31-2023 14:39:31'
}
{
  name: 'NotFoundError',
  status: 404,
  type: 'not_found',
  level: 'error',
  label: 'custom logger',
  timestamp: 'May-31-2023 14:39:33'
}
{
  name: 'NotFoundError',
  status: 404,
  type: 'not_found',
  level: 'error',
  label: 'custom logger',
  timestamp: 'May-31-2023 14:39:39'
}
{
  name: 'NotFoundError',
  status: 404,
  type: 'not_found',
  level: 'error',
  label: 'custom logger',
  timestamp: 'May-31-2023 14:39:45'
}
{
  name: 'NotFoundError',
  status: 404,
  type: 'not_found',
  level: 'error',
  label: 'custom logger',
  timestamp: 'May-31-2023 14:39:51'
}
{
  name: 'NotFoundError',
  status: 404,
  type: 'not_found',
  level: 'error',
  label: 'custom logger',
  timestamp: 'May-31-2023 14:39:57'
}
{
  name: 'NotFoundError',
  status: 404,
  type: 'not_found',
  level: 'error',
  label: 'custom logger',
  timestamp: 'May-31-2023 14:40:03'
}
{
  name: 'NotFoundError',
  status: 404,
  type: 'not_found',
  level: 'error',
  label: 'custom logger',
  timestamp: 'May-31-2023 14:40:11'
}
{
  name: 'NotFoundError',
  status: 404,
  type: 'not_found',
  level: 'error',
  label: 'custom logger',
  timestamp: 'May-31-2023 14:40:18'
}
{
  name: 'NotFoundError',
  status: 404,
  type: 'not_found',
  level: 'error',
  label: 'custom logger',
  timestamp: 'May-31-2023 14:40:35'
}
{
  name: 'NotFoundError',
  status: 404,
  type: 'not_found',
  level: 'error',
  label: 'custom logger',
  timestamp: 'May-31-2023 14:41:07'
}
{
  name: 'NotFoundError',
  status: 404,
  type: 'not_found',
  level: 'error',
  label: 'custom logger',
  timestamp: 'May-31-2023 14:41:23'
}
{
  name: 'NotFoundError',
  status: 404,
  type: 'not_found',
  level: 'error',
  label: 'custom logger',
  timestamp: 'May-31-2023 14:45:23'
}
{
  name: 'NotFoundError',
  status: 404,
  type: 'not_found',
  level: 'error',
  label: 'custom logger',
  timestamp: 'May-31-2023 14:45:45'
}
{
  name: 'NotFoundError',
  status: 404,
  type: 'not_found',
  level: 'error',
  label: 'custom logger',
  timestamp: 'May-31-2023 14:45:45'
}
{
  level: 'error',
  label: 'custom logger',
  timestamp: 'May-31-2023 14:46:28'
}
{
  name: 'InternalError',
  status: 500,
  type: 'internal_error',
  cause: "Cannot read properties of undefined (reading 'createUserCart')",
  level: 'error',
  label: 'custom logger',
  timestamp: 'May-31-2023 14:46:28'
}
{
  message: 'connected to shoperz database successfully ..',
  level: 'info',
  label: 'custom logger',
  timestamp: 'May-31-2023 14:51:58'
}
{
  level: 'error',
  label: 'custom logger',
  timestamp: 'May-31-2023 14:52:25'
}
{
  name: 'InternalError',
  status: 500,
  type: 'internal_error',
  cause: 'user.createToken is not a function',
  level: 'error',
  label: 'custom logger',
  timestamp: 'May-31-2023 14:52:25'
}
{
  level: 'error',
  label: 'custom logger',
  timestamp: 'May-31-2023 14:53:05'
}
{
  name: 'InternalError',
  status: 500,
  type: 'internal_error',
  cause: "Cannot read properties of undefined (reading 'createUserCart')",
  level: 'error',
  label: 'custom logger',
  timestamp: 'May-31-2023 14:53:05'
}
{
  message: 'connected to shoperz database successfully ..',
  level: 'info',
  label: 'custom logger',
  timestamp: 'May-31-2023 14:54:27'
}
{
  message: {
    user_id: new ObjectId("64774398242413e114dc9683"),
    userWishlist: {
      userId: new ObjectId("64774398242413e114dc9683"),
      products: [],
      _id: new ObjectId("64774398242413e114dc9686"),
      createdAt: 2023-05-31T12:54:48.179Z,
      updatedAt: 2023-05-31T12:54:48.179Z,
      __v: 0
    },
    emailDetails: {
      accepted: [ 'userstore98@gmail.com' ],
      rejected: [],
      ehlo: [
        'SIZE 35882577',
        '8BITMIME',
        'AUTH LOGIN PLAIN XOAUTH2 PLAIN-CLIENTTOKEN OAUTHBEARER XOAUTH',
        'ENHANCEDSTATUSCODES',
        'PIPELINING',
        'CHUNKING',
        'SMTPUTF8'
      ],
      envelopeTime: 1813,
      messageTime: 1201,
      messageSize: 1509,
      response: '250 2.0.0 OK  1685537731 n16-20020a5d4850000000b0030632833e74sm6777478wrs.11 - gsmtp',
      envelope: {
        from: 'shoperzshop1@gmail.com',
        to: [ 'userstore98@gmail.com' ]
      },
      messageId: '<e02641ba-7bbe-df09-a0fe-9bad6bcc07d6@gmail.com>'
    }
  },
  level: 'info',
  label: 'custom logger',
  timestamp: 'May-31-2023 14:54:51'
}
{
  message: 'mail service ready',
  level: 'info',
  label: 'custom logger',
  timestamp: 'May-31-2023 14:55:19'
}
{
  message: 'connected to shoperz database successfully ..',
  level: 'info',
  label: 'custom logger',
  timestamp: 'May-31-2023 15:12:38'
}
{
  message: 'connected to shoperz database successfully ..',
  level: 'info',
  label: 'custom logger',
  timestamp: 'May-31-2023 17:22:23'
}
{
  message: 'connected to shoperz database successfully ..',
  level: 'info',
  label: 'custom logger',
  timestamp: 'May-31-2023 17:22:32'
}
{
  level: 'error',
  label: 'custom logger',
  timestamp: 'May-31-2023 17:22:59'
}
{
  name: 'InternalError',
  status: 500,
  type: 'internal_error',
  cause: "Cannot read properties of undefined (reading 'createUserCart')",
  level: 'error',
  label: 'custom logger',
  timestamp: 'May-31-2023 17:22:59'
}
{
  message: 'connected to shoperz database successfully ..',
  level: 'info',
  label: 'custom logger',
  timestamp: 'May-31-2023 17:24:34'
}
{
  level: 'error',
  label: 'custom logger',
  timestamp: 'May-31-2023 17:25:03'
}
{
  name: 'InternalError',
  status: 500,
  type: 'internal_error',
  cause: 'CartClass is not defined',
  level: 'error',
  label: 'custom logger',
  timestamp: 'May-31-2023 17:25:03'
}
{
  message: 'connected to shoperz database successfully ..',
  level: 'info',
  label: 'custom logger',
  timestamp: 'May-31-2023 17:25:29'
}
{
  level: 'error',
  label: 'custom logger',
  timestamp: 'May-31-2023 17:26:05'
}
{
  name: 'InternalError',
  status: 500,
  type: 'internal_error',
  cause: "Cannot read properties of undefined (reading 'CartClass')",
  level: 'error',
  label: 'custom logger',
  timestamp: 'May-31-2023 17:26:05'
}
{
  message: 'connected to shoperz database successfully ..',
  level: 'info',
  label: 'custom logger',
  timestamp: 'May-31-2023 17:26:19'
}
{
  message: 'connected to shoperz database successfully ..',
  level: 'info',
  label: 'custom logger',
  timestamp: 'May-31-2023 17:26:52'
}
{
  message: 'connected to shoperz database successfully ..',
  level: 'info',
  label: 'custom logger',
  timestamp: 'May-31-2023 17:27:12'
}
