{
  message: 'connected to shoperz database successfully ..',
  level: 'info',
  label: 'custom logger',
  timestamp: 'Jun-24-2023 10:50:37'
}
{
  message: 'connected to shoperz database successfully ..',
  level: 'info',
  label: 'custom logger',
  timestamp: 'Jun-24-2023 13:26:52'
}
{
  message: 'connected to shoperz database successfully ..',
  level: 'info',
  label: 'custom logger',
  timestamp: 'Jun-24-2023 13:27:00'
}
{
  message: 'connected to shoperz database successfully ..',
  level: 'info',
  label: 'custom logger',
  timestamp: 'Jun-24-2023 13:27:24'
}
{
  message: 'connected to shoperz database successfully ..',
  level: 'info',
  label: 'custom logger',
  timestamp: 'Jun-24-2023 13:27:53'
}
{
  message: 'connected to shoperz database successfully ..',
  level: 'info',
  label: 'custom logger',
  timestamp: 'Jun-24-2023 13:27:56'
}
