{
  message: 'connected to shoperz database successfully ..',
  level: 'info',
  label: 'custom logger',
  timestamp: 'Jun-26-2023 10:37:39'
}
{
  name: 'InternalError',
  status: 500,
  type: 'internal_error',
  cause: undefined,
  level: 'error',
  label: 'custom logger',
  timestamp: 'Jun-26-2023 11:11:40'
}
{
  name: 'InternalError',
  status: 500,
  type: 'internal_error',
  cause: undefined,
  level: 'error',
  label: 'custom logger',
  timestamp: 'Jun-26-2023 11:11:43'
}
{
  name: 'InternalError',
  status: 500,
  type: 'internal_error',
  cause: undefined,
  level: 'error',
  label: 'custom logger',
  timestamp: 'Jun-26-2023 11:11:59'
}
{
  name: 'InternalError',
  status: 500,
  type: 'internal_error',
  cause: undefined,
  level: 'error',
  label: 'custom logger',
  timestamp: 'Jun-26-2023 11:12:00'
}
{
  name: 'InternalError',
  status: 500,
  type: 'internal_error',
  cause: undefined,
  level: 'error',
  label: 'custom logger',
  timestamp: 'Jun-26-2023 11:22:59'
}
{
  name: 'InternalError',
  status: 500,
  type: 'internal_error',
  cause: undefined,
  level: 'error',
  label: 'custom logger',
  timestamp: 'Jun-26-2023 11:23:02'
}
{
  name: 'InternalError',
  status: 500,
  type: 'internal_error',
  cause: undefined,
  level: 'error',
  label: 'custom logger',
  timestamp: 'Jun-26-2023 11:24:03'
}
{
  name: 'InternalError',
  status: 500,
  type: 'internal_error',
  cause: undefined,
  level: 'error',
  label: 'custom logger',
  timestamp: 'Jun-26-2023 11:24:05'
}
{
  name: 'InternalError',
  status: 500,
  type: 'internal_error',
  cause: undefined,
  level: 'error',
  label: 'custom logger',
  timestamp: 'Jun-26-2023 11:46:15'
}
{
  name: 'InternalError',
  status: 500,
  type: 'internal_error',
  cause: undefined,
  level: 'error',
  label: 'custom logger',
  timestamp: 'Jun-26-2023 12:07:32'
}
{
  name: 'InternalError',
  status: 500,
  type: 'internal_error',
  cause: undefined,
  level: 'error',
  label: 'custom logger',
  timestamp: 'Jun-26-2023 12:07:32'
}
{
  name: 'InternalError',
  status: 500,
  type: 'internal_error',
  cause: undefined,
  level: 'error',
  label: 'custom logger',
  timestamp: 'Jun-26-2023 12:07:33'
}
{
  message: 'connected to shoperz database successfully ..',
  level: 'info',
  label: 'custom logger',
  timestamp: 'Jun-26-2023 13:20:02'
}
{
  message: 'connected to shoperz database successfully ..',
  level: 'info',
  label: 'custom logger',
  timestamp: 'Jun-26-2023 13:38:46'
}
{
  name: 'InternalError',
  status: 500,
  type: 'internal_error',
  cause: undefined,
  level: 'error',
  label: 'custom logger',
  timestamp: 'Jun-26-2023 13:38:49'
}
{
  message: 'connected to shoperz database successfully ..',
  level: 'info',
  label: 'custom logger',
  timestamp: 'Jun-26-2023 13:39:17'
}
{
  name: 'InternalError',
  status: 500,
  type: 'internal_error',
  cause: undefined,
  level: 'error',
  label: 'custom logger',
  timestamp: 'Jun-26-2023 13:39:19'
}
{
  message: 'connected to shoperz database successfully ..',
  level: 'info',
  label: 'custom logger',
  timestamp: 'Jun-26-2023 13:39:30'
}
{
  name: 'InternalError',
  status: 500,
  type: 'internal_error',
  cause: undefined,
  level: 'error',
  label: 'custom logger',
  timestamp: 'Jun-26-2023 13:39:33'
}
{
  message: 'connected to shoperz database successfully ..',
  level: 'info',
  label: 'custom logger',
  timestamp: 'Jun-26-2023 13:39:41'
}
{
  message: 'connected to shoperz database successfully ..',
  level: 'info',
  label: 'custom logger',
  timestamp: 'Jun-26-2023 13:39:48'
}
{
  name: 'InternalError',
  status: 500,
  type: 'internal_error',
  cause: undefined,
  level: 'error',
  label: 'custom logger',
  timestamp: 'Jun-26-2023 13:39:52'
}
{
  message: 'connected to shoperz database successfully ..',
  level: 'info',
  label: 'custom logger',
  timestamp: 'Jun-26-2023 13:40:14'
}
{
  name: 'InternalError',
  status: 500,
  type: 'internal_error',
  cause: undefined,
  level: 'error',
  label: 'custom logger',
  timestamp: 'Jun-26-2023 13:40:17'
}
{
  message: 'connected to shoperz database successfully ..',
  level: 'info',
  label: 'custom logger',
  timestamp: 'Jun-26-2023 13:40:32'
}
{
  name: 'InternalError',
  status: 500,
  type: 'internal_error',
  cause: undefined,
  level: 'error',
  label: 'custom logger',
  timestamp: 'Jun-26-2023 13:40:36'
}
{
  message: 'connected to shoperz database successfully ..',
  level: 'info',
  label: 'custom logger',
  timestamp: 'Jun-26-2023 13:41:02'
}
{
  name: 'InternalError',
  status: 500,
  type: 'internal_error',
  cause: undefined,
  level: 'error',
  label: 'custom logger',
  timestamp: 'Jun-26-2023 13:41:03'
}
{
  message: 'connected to shoperz database successfully ..',
  level: 'info',
  label: 'custom logger',
  timestamp: 'Jun-26-2023 13:41:32'
}
{
  name: 'InternalError',
  status: 500,
  type: 'internal_error',
  cause: undefined,
  level: 'error',
  label: 'custom logger',
  timestamp: 'Jun-26-2023 13:41:34'
}
{
  message: 'connected to shoperz database successfully ..',
  level: 'info',
  label: 'custom logger',
  timestamp: 'Jun-26-2023 13:41:55'
}
{
  name: 'InternalError',
  status: 500,
  type: 'internal_error',
  cause: undefined,
  level: 'error',
  label: 'custom logger',
  timestamp: 'Jun-26-2023 13:42:30'
}
{
  name: 'InternalError',
  status: 500,
  type: 'internal_error',
  cause: undefined,
  level: 'error',
  label: 'custom logger',
  timestamp: 'Jun-26-2023 13:42:58'
}
{
  message: 'connected to shoperz database successfully ..',
  level: 'info',
  label: 'custom logger',
  timestamp: 'Jun-26-2023 13:43:05'
}
{
  name: 'InternalError',
  status: 500,
  type: 'internal_error',
  cause: undefined,
  level: 'error',
  label: 'custom logger',
  timestamp: 'Jun-26-2023 13:43:24'
}
{
  name: 'InternalError',
  status: 500,
  type: 'internal_error',
  cause: undefined,
  level: 'error',
  label: 'custom logger',
  timestamp: 'Jun-26-2023 13:44:06'
}
{
  name: 'InternalError',
  status: 500,
  type: 'internal_error',
  cause: undefined,
  level: 'error',
  label: 'custom logger',
  timestamp: 'Jun-26-2023 13:47:30'
}
{
  name: 'InternalError',
  status: 500,
  type: 'internal_error',
  cause: undefined,
  level: 'error',
  label: 'custom logger',
  timestamp: 'Jun-26-2023 13:48:06'
}
{
  name: 'InternalError',
  status: 500,
  type: 'internal_error',
  cause: undefined,
  level: 'error',
  label: 'custom logger',
  timestamp: 'Jun-26-2023 13:48:19'
}
{
  message: 'connected to shoperz database successfully ..',
  level: 'info',
  label: 'custom logger',
  timestamp: 'Jun-26-2023 13:49:48'
}
{
  message: 'connected to shoperz database successfully ..',
  level: 'info',
  label: 'custom logger',
  timestamp: 'Jun-26-2023 13:54:23'
}
{
  message: 'connected to shoperz database successfully ..',
  level: 'info',
  label: 'custom logger',
  timestamp: 'Jun-26-2023 16:55:43'
}
