{
  message: 'connected to shoperz database successfully ..',
  level: 'info',
  label: 'custom logger',
  timestamp: 'Jun-01-2023 13:13:10'
}
{
  message: 'connected to shoperz database successfully ..',
  level: 'info',
  label: 'custom logger',
  timestamp: 'Jun-01-2023 13:14:43'
}
{
  name: 'NotFoundError',
  status: 404,
  type: 'not_found',
  level: 'error',
  label: 'custom logger',
  timestamp: 'Jun-01-2023 13:17:46'
}
{
  name: 'NotFoundError',
  status: 404,
  type: 'not_found',
  level: 'error',
  label: 'custom logger',
  timestamp: 'Jun-01-2023 13:17:56'
}
{
  name: 'NotFoundError',
  status: 404,
  type: 'not_found',
  level: 'error',
  label: 'custom logger',
  timestamp: 'Jun-01-2023 13:18:08'
}
{
  name: 'NotFoundError',
  status: 404,
  type: 'not_found',
  level: 'error',
  label: 'custom logger',
  timestamp: 'Jun-01-2023 13:18:12'
}
{
  name: 'NotFoundError',
  status: 404,
  type: 'not_found',
  level: 'error',
  label: 'custom logger',
  timestamp: 'Jun-01-2023 13:18:17'
}
{
  name: 'NotFoundError',
  status: 404,
  type: 'not_found',
  level: 'error',
  label: 'custom logger',
  timestamp: 'Jun-01-2023 13:18:30'
}
{
  message: 'connected to shoperz database successfully ..',
  level: 'info',
  label: 'custom logger',
  timestamp: 'Jun-01-2023 13:29:57'
}
{
  level: 'error',
  label: 'custom logger',
  timestamp: 'Jun-01-2023 13:29:57'
}
{
  name: 'NotFoundError',
  status: 404,
  type: 'not_found',
  level: 'error',
  label: 'custom logger',
  timestamp: 'Jun-01-2023 13:29:58'
}
{
  message: 'connected to shoperz database successfully ..',
  level: 'info',
  label: 'custom logger',
  timestamp: 'Jun-01-2023 13:30:35'
}
{
  level: 'error',
  label: 'custom logger',
  timestamp: 'Jun-01-2023 13:30:38'
}
{
  name: 'NotFoundError',
  status: 404,
  type: 'not_found',
  level: 'error',
  label: 'custom logger',
  timestamp: 'Jun-01-2023 13:30:38'
}
{
  message: 'connected to shoperz database successfully ..',
  level: 'info',
  label: 'custom logger',
  timestamp: 'Jun-01-2023 13:30:56'
}
{
  name: 'NotFoundError',
  status: 404,
  type: 'not_found',
  level: 'error',
  label: 'custom logger',
  timestamp: 'Jun-01-2023 13:30:57'
}
{
  name: 'NotFoundError',
  status: 404,
  type: 'not_found',
  level: 'error',
  label: 'custom logger',
  timestamp: 'Jun-01-2023 13:31:11'
}
{
  level: 'error',
  label: 'custom logger',
  timestamp: 'Jun-01-2023 13:31:16'
}
{
  name: 'NotFoundError',
  status: 404,
  type: 'not_found',
  level: 'error',
  label: 'custom logger',
  timestamp: 'Jun-01-2023 13:31:16'
}
{
  name: 'NotFoundError',
  status: 404,
  type: 'not_found',
  level: 'error',
  label: 'custom logger',
  timestamp: 'Jun-01-2023 13:31:23'
}
{
  name: 'NotFoundError',
  status: 404,
  type: 'not_found',
  level: 'error',
  label: 'custom logger',
  timestamp: 'Jun-01-2023 13:31:27'
}
{
  message: 'connected to shoperz database successfully ..',
  level: 'info',
  label: 'custom logger',
  timestamp: 'Jun-01-2023 13:32:00'
}
{
  name: 'NotFoundError',
  status: 404,
  type: 'not_found',
  level: 'error',
  label: 'custom logger',
  timestamp: 'Jun-01-2023 13:32:17'
}
{
  name: 'NotFoundError',
  status: 404,
  type: 'not_found',
  level: 'error',
  label: 'custom logger',
  timestamp: 'Jun-01-2023 13:32:24'
}
{
  name: 'NotFoundError',
  status: 404,
  type: 'not_found',
  level: 'error',
  label: 'custom logger',
  timestamp: 'Jun-01-2023 13:32:30'
}
{
  name: 'NotFoundError',
  status: 404,
  type: 'not_found',
  level: 'error',
  label: 'custom logger',
  timestamp: 'Jun-01-2023 13:32:42'
}
{
  name: 'NotFoundError',
  status: 404,
  type: 'not_found',
  level: 'error',
  label: 'custom logger',
  timestamp: 'Jun-01-2023 13:32:46'
}
{
  name: 'NotFoundError',
  status: 404,
  type: 'not_found',
  level: 'error',
  label: 'custom logger',
  timestamp: 'Jun-01-2023 13:32:51'
}
{
  message: 'connected to shoperz database successfully ..',
  level: 'info',
  label: 'custom logger',
  timestamp: 'Jun-01-2023 13:43:03'
}
{
  message: 'connected to shoperz database successfully ..',
  level: 'info',
  label: 'custom logger',
  timestamp: 'Jun-01-2023 13:43:35'
}
{
  message: 'connected to shoperz database successfully ..',
  level: 'info',
  label: 'custom logger',
  timestamp: 'Jun-01-2023 13:43:40'
}
{
  message: 'connected to shoperz database successfully ..',
  level: 'info',
  label: 'custom logger',
  timestamp: 'Jun-01-2023 14:19:08'
}
{
  message: 'connected to shoperz database successfully ..',
  level: 'info',
  label: 'custom logger',
  timestamp: 'Jun-01-2023 14:27:28'
}
{
  message: 'connected to shoperz database successfully ..',
  level: 'info',
  label: 'custom logger',
  timestamp: 'Jun-01-2023 14:27:37'
}
{
  message: 'connected to shoperz database successfully ..',
  level: 'info',
  label: 'custom logger',
  timestamp: 'Jun-01-2023 14:30:17'
}
{
  message: 'connected to shoperz database successfully ..',
  level: 'info',
  label: 'custom logger',
  timestamp: 'Jun-01-2023 14:31:09'
}
{
  message: 'connected to shoperz database successfully ..',
  level: 'info',
  label: 'custom logger',
  timestamp: 'Jun-01-2023 14:31:47'
}
{
  message: 'connected to shoperz database successfully ..',
  level: 'info',
  label: 'custom logger',
  timestamp: 'Jun-01-2023 14:32:40'
}
{
  name: 'NotFoundError',
  status: 404,
  type: 'not_found',
  level: 'error',
  label: 'custom logger',
  timestamp: 'Jun-01-2023 14:32:43'
}
{
  name: 'NotFoundError',
  status: 404,
  type: 'not_found',
  level: 'error',
  label: 'custom logger',
  timestamp: 'Jun-01-2023 14:34:12'
}
{
  name: 'NotFoundError',
  status: 404,
  type: 'not_found',
  level: 'error',
  label: 'custom logger',
  timestamp: 'Jun-01-2023 14:34:47'
}
{
  message: 'connected to shoperz database successfully ..',
  level: 'info',
  label: 'custom logger',
  timestamp: 'Jun-01-2023 14:35:24'
}
{
  name: 'NotFoundError',
  status: 404,
  type: 'not_found',
  level: 'error',
  label: 'custom logger',
  timestamp: 'Jun-01-2023 14:35:28'
}
{
  message: 'connected to shoperz database successfully ..',
  level: 'info',
  label: 'custom logger',
  timestamp: 'Jun-01-2023 14:36:01'
}
{
  name: 'NotFoundError',
  status: 404,
  type: 'not_found',
  level: 'error',
  label: 'custom logger',
  timestamp: 'Jun-01-2023 14:36:05'
}
{
  message: 'connected to shoperz database successfully ..',
  level: 'info',
  label: 'custom logger',
  timestamp: 'Jun-01-2023 14:36:54'
}
{
  message: 'connected to shoperz database successfully ..',
  level: 'info',
  label: 'custom logger',
  timestamp: 'Jun-01-2023 14:38:30'
}
{
  name: 'NotFoundError',
  status: 404,
  type: 'not_found',
  level: 'error',
  label: 'custom logger',
  timestamp: 'Jun-01-2023 14:38:34'
}
{
  name: 'NotFoundError',
  status: 404,
  type: 'not_found',
  level: 'error',
  label: 'custom logger',
  timestamp: 'Jun-01-2023 14:38:49'
}
{
  name: 'NotFoundError',
  status: 404,
  type: 'not_found',
  level: 'error',
  label: 'custom logger',
  timestamp: 'Jun-01-2023 14:39:16'
}
{
  name: 'NotFoundError',
  status: 404,
  type: 'not_found',
  level: 'error',
  label: 'custom logger',
  timestamp: 'Jun-01-2023 14:39:21'
}
{
  name: 'NotFoundError',
  status: 404,
  type: 'not_found',
  level: 'error',
  label: 'custom logger',
  timestamp: 'Jun-01-2023 14:39:32'
}
{
  name: 'NotFoundError',
  status: 404,
  type: 'not_found',
  level: 'error',
  label: 'custom logger',
  timestamp: 'Jun-01-2023 14:39:33'
}
{
  name: 'NotFoundError',
  status: 404,
  type: 'not_found',
  level: 'error',
  label: 'custom logger',
  timestamp: 'Jun-01-2023 14:39:35'
}
{
  name: 'NotFoundError',
  status: 404,
  type: 'not_found',
  level: 'error',
  label: 'custom logger',
  timestamp: 'Jun-01-2023 14:39:37'
}
{
  name: 'NotFoundError',
  status: 404,
  type: 'not_found',
  level: 'error',
  label: 'custom logger',
  timestamp: 'Jun-01-2023 14:40:40'
}
{
  name: 'NotFoundError',
  status: 404,
  type: 'not_found',
  level: 'error',
  label: 'custom logger',
  timestamp: 'Jun-01-2023 14:40:50'
}
{
  name: 'NotFoundError',
  status: 404,
  type: 'not_found',
  level: 'error',
  label: 'custom logger',
  timestamp: 'Jun-01-2023 14:40:55'
}
{
  name: 'NotFoundError',
  status: 404,
  type: 'not_found',
  level: 'error',
  label: 'custom logger',
  timestamp: 'Jun-01-2023 14:41:19'
}
{
  name: 'NotFoundError',
  status: 404,
  type: 'not_found',
  level: 'error',
  label: 'custom logger',
  timestamp: 'Jun-01-2023 14:41:27'
}
{
  message: 'connected to shoperz database successfully ..',
  level: 'info',
  label: 'custom logger',
  timestamp: 'Jun-01-2023 14:43:04'
}
{
  name: 'NotFoundError',
  status: 404,
  type: 'not_found',
  level: 'error',
  label: 'custom logger',
  timestamp: 'Jun-01-2023 14:43:05'
}
{
  message: 'connected to shoperz database successfully ..',
  level: 'info',
  label: 'custom logger',
  timestamp: 'Jun-01-2023 14:43:14'
}
{
  name: 'NotFoundError',
  status: 404,
  type: 'not_found',
  level: 'error',
  label: 'custom logger',
  timestamp: 'Jun-01-2023 14:43:15'
}
{
  message: 'connected to shoperz database successfully ..',
  level: 'info',
  label: 'custom logger',
  timestamp: 'Jun-01-2023 14:43:38'
}
{
  name: 'NotFoundError',
  status: 404,
  type: 'not_found',
  level: 'error',
  label: 'custom logger',
  timestamp: 'Jun-01-2023 14:43:41'
}
{
  name: 'NotFoundError',
  status: 404,
  type: 'not_found',
  level: 'error',
  label: 'custom logger',
  timestamp: 'Jun-01-2023 14:43:53'
}
{
  name: 'NotFoundError',
  status: 404,
  type: 'not_found',
  level: 'error',
  label: 'custom logger',
  timestamp: 'Jun-01-2023 14:43:59'
}
{
  name: 'NotFoundError',
  status: 404,
  type: 'not_found',
  level: 'error',
  label: 'custom logger',
  timestamp: 'Jun-01-2023 14:44:21'
}
{
  message: 'connected to shoperz database successfully ..',
  level: 'info',
  label: 'custom logger',
  timestamp: 'Jun-01-2023 14:44:51'
}
{
  message: 'connected to shoperz database successfully ..',
  level: 'info',
  label: 'custom logger',
  timestamp: 'Jun-01-2023 14:45:09'
}
{
  message: 'connected to shoperz database successfully ..',
  level: 'info',
  label: 'custom logger',
  timestamp: 'Jun-01-2023 14:45:32'
}
{
  name: 'NotFoundError',
  status: 404,
  type: 'not_found',
  level: 'error',
  label: 'custom logger',
  timestamp: 'Jun-01-2023 14:45:33'
}
{
  name: 'NotFoundError',
  status: 404,
  type: 'not_found',
  level: 'error',
  label: 'custom logger',
  timestamp: 'Jun-01-2023 14:45:55'
}
{
  message: 'connected to shoperz database successfully ..',
  level: 'info',
  label: 'custom logger',
  timestamp: 'Jun-01-2023 14:46:09'
}
{
  name: 'NotFoundError',
  status: 404,
  type: 'not_found',
  level: 'error',
  label: 'custom logger',
  timestamp: 'Jun-01-2023 14:46:13'
}
{
  message: 'connected to shoperz database successfully ..',
  level: 'info',
  label: 'custom logger',
  timestamp: 'Jun-01-2023 14:47:14'
}
{
  name: 'NotFoundError',
  status: 404,
  type: 'not_found',
  level: 'error',
  label: 'custom logger',
  timestamp: 'Jun-01-2023 14:47:15'
}
{
  name: 'NotFoundError',
  status: 404,
  type: 'not_found',
  level: 'error',
  label: 'custom logger',
  timestamp: 'Jun-01-2023 14:47:17'
}
{
  message: 'connected to shoperz database successfully ..',
  level: 'info',
  label: 'custom logger',
  timestamp: 'Jun-01-2023 14:47:24'
}
{
  name: 'NotFoundError',
  status: 404,
  type: 'not_found',
  level: 'error',
  label: 'custom logger',
  timestamp: 'Jun-01-2023 14:47:25'
}
{
  name: 'NotFoundError',
  status: 404,
  type: 'not_found',
  level: 'error',
  label: 'custom logger',
  timestamp: 'Jun-01-2023 14:47:39'
}
{
  message: 'connected to shoperz database successfully ..',
  level: 'info',
  label: 'custom logger',
  timestamp: 'Jun-01-2023 14:47:54'
}
{
  name: 'NotFoundError',
  status: 404,
  type: 'not_found',
  level: 'error',
  label: 'custom logger',
  timestamp: 'Jun-01-2023 14:47:54'
}
{
  message: 'connected to shoperz database successfully ..',
  level: 'info',
  label: 'custom logger',
  timestamp: 'Jun-01-2023 14:49:49'
}
{
  message: 'connected to shoperz database successfully ..',
  level: 'info',
  label: 'custom logger',
  timestamp: 'Jun-01-2023 14:50:33'
}
{
  message: 'connected to shoperz database successfully ..',
  level: 'info',
  label: 'custom logger',
  timestamp: 'Jun-01-2023 14:50:45'
}
{
  message: 'connected to shoperz database successfully ..',
  level: 'info',
  label: 'custom logger',
  timestamp: 'Jun-01-2023 14:51:03'
}
{
  name: 'NotFoundError',
  status: 404,
  type: 'not_found',
  level: 'error',
  label: 'custom logger',
  timestamp: 'Jun-01-2023 14:51:04'
}
{
  message: 'connected to shoperz database successfully ..',
  level: 'info',
  label: 'custom logger',
  timestamp: 'Jun-01-2023 14:51:47'
}
{
  name: 'NotFoundError',
  status: 404,
  type: 'not_found',
  level: 'error',
  label: 'custom logger',
  timestamp: 'Jun-01-2023 14:51:48'
}
{
  name: 'NotFoundError',
  status: 404,
  type: 'not_found',
  level: 'error',
  label: 'custom logger',
  timestamp: 'Jun-01-2023 14:51:55'
}
{
  message: 'connected to shoperz database successfully ..',
  level: 'info',
  label: 'custom logger',
  timestamp: 'Jun-01-2023 14:58:33'
}
{
  message: 'connected to shoperz database successfully ..',
  level: 'info',
  label: 'custom logger',
  timestamp: 'Jun-01-2023 14:59:22'
}
{
  name: 'NotFoundError',
  status: 404,
  type: 'not_found',
  level: 'error',
  label: 'custom logger',
  timestamp: 'Jun-01-2023 14:59:24'
}
{
  message: 'connected to shoperz database successfully ..',
  level: 'info',
  label: 'custom logger',
  timestamp: 'Jun-01-2023 14:59:42'
}
{
  name: 'NotFoundError',
  status: 404,
  type: 'not_found',
  level: 'error',
  label: 'custom logger',
  timestamp: 'Jun-01-2023 14:59:43'
}
{
  name: 'NotFoundError',
  status: 404,
  type: 'not_found',
  level: 'error',
  label: 'custom logger',
  timestamp: 'Jun-01-2023 14:59:56'
}
{
  message: 'connected to shoperz database successfully ..',
  level: 'info',
  label: 'custom logger',
  timestamp: 'Jun-01-2023 15:00:34'
}
{
  name: 'NotFoundError',
  status: 404,
  type: 'not_found',
  level: 'error',
  label: 'custom logger',
  timestamp: 'Jun-01-2023 15:00:37'
}
{
  message: 'connected to shoperz database successfully ..',
  level: 'info',
  label: 'custom logger',
  timestamp: 'Jun-01-2023 15:01:12'
}
{
  name: 'NotFoundError',
  status: 404,
  type: 'not_found',
  level: 'error',
  label: 'custom logger',
  timestamp: 'Jun-01-2023 15:01:13'
}
{
  name: 'NotFoundError',
  status: 404,
  type: 'not_found',
  level: 'error',
  label: 'custom logger',
  timestamp: 'Jun-01-2023 15:01:35'
}
{
  name: 'NotFoundError',
  status: 404,
  type: 'not_found',
  level: 'error',
  label: 'custom logger',
  timestamp: 'Jun-01-2023 15:01:54'
}
{
  name: 'NotFoundError',
  status: 404,
  type: 'not_found',
  level: 'error',
  label: 'custom logger',
  timestamp: 'Jun-01-2023 15:02:00'
}
{
  name: 'NotFoundError',
  status: 404,
  type: 'not_found',
  level: 'error',
  label: 'custom logger',
  timestamp: 'Jun-01-2023 15:02:08'
}
{
  message: 'connected to shoperz database successfully ..',
  level: 'info',
  label: 'custom logger',
  timestamp: 'Jun-01-2023 15:02:43'
}
{
  name: 'NotFoundError',
  status: 404,
  type: 'not_found',
  level: 'error',
  label: 'custom logger',
  timestamp: 'Jun-01-2023 15:02:48'
}
{
  name: 'NotFoundError',
  status: 404,
  type: 'not_found',
  level: 'error',
  label: 'custom logger',
  timestamp: 'Jun-01-2023 15:03:15'
}
{
  message: 'connected to shoperz database successfully ..',
  level: 'info',
  label: 'custom logger',
  timestamp: 'Jun-01-2023 15:03:31'
}
{
  name: 'NotFoundError',
  status: 404,
  type: 'not_found',
  level: 'error',
  label: 'custom logger',
  timestamp: 'Jun-01-2023 15:03:32'
}
{
  message: 'connected to shoperz database successfully ..',
  level: 'info',
  label: 'custom logger',
  timestamp: 'Jun-01-2023 15:03:59'
}
{
  name: 'NotFoundError',
  status: 404,
  type: 'not_found',
  level: 'error',
  label: 'custom logger',
  timestamp: 'Jun-01-2023 15:03:59'
}
{
  message: 'connected to shoperz database successfully ..',
  level: 'info',
  label: 'custom logger',
  timestamp: 'Jun-01-2023 15:04:11'
}
{
  name: 'NotFoundError',
  status: 404,
  type: 'not_found',
  level: 'error',
  label: 'custom logger',
  timestamp: 'Jun-01-2023 15:04:13'
}
{
  message: 'connected to shoperz database successfully ..',
  level: 'info',
  label: 'custom logger',
  timestamp: 'Jun-01-2023 15:05:14'
}
{
  name: 'NotFoundError',
  status: 404,
  type: 'not_found',
  level: 'error',
  label: 'custom logger',
  timestamp: 'Jun-01-2023 15:05:18'
}
{
  name: 'NotFoundError',
  status: 404,
  type: 'not_found',
  level: 'error',
  label: 'custom logger',
  timestamp: 'Jun-01-2023 15:05:35'
}
{
  message: 'connected to shoperz database successfully ..',
  level: 'info',
  label: 'custom logger',
  timestamp: 'Jun-01-2023 15:05:57'
}
{
  name: 'NotFoundError',
  status: 404,
  type: 'not_found',
  level: 'error',
  label: 'custom logger',
  timestamp: 'Jun-01-2023 15:05:58'
}
{
  message: 'connected to shoperz database successfully ..',
  level: 'info',
  label: 'custom logger',
  timestamp: 'Jun-01-2023 15:06:32'
}
{
  name: 'NotFoundError',
  status: 404,
  type: 'not_found',
  level: 'error',
  label: 'custom logger',
  timestamp: 'Jun-01-2023 15:06:35'
}
{
  name: 'NotFoundError',
  status: 404,
  type: 'not_found',
  level: 'error',
  label: 'custom logger',
  timestamp: 'Jun-01-2023 15:06:56'
}
{
  message: 'connected to shoperz database successfully ..',
  level: 'info',
  label: 'custom logger',
  timestamp: 'Jun-01-2023 15:07:21'
}
{
  name: 'NotFoundError',
  status: 404,
  type: 'not_found',
  level: 'error',
  label: 'custom logger',
  timestamp: 'Jun-01-2023 15:07:22'
}
{
  message: 'connected to shoperz database successfully ..',
  level: 'info',
  label: 'custom logger',
  timestamp: 'Jun-01-2023 15:08:31'
}
{
  name: 'NotFoundError',
  status: 404,
  type: 'not_found',
  level: 'error',
  label: 'custom logger',
  timestamp: 'Jun-01-2023 15:08:32'
}
{
  message: 'connected to shoperz database successfully ..',
  level: 'info',
  label: 'custom logger',
  timestamp: 'Jun-01-2023 15:08:47'
}
{
  message: 'connected to shoperz database successfully ..',
  level: 'info',
  label: 'custom logger',
  timestamp: 'Jun-01-2023 15:09:30'
}
{
  name: 'NotFoundError',
  status: 404,
  type: 'not_found',
  level: 'error',
  label: 'custom logger',
  timestamp: 'Jun-01-2023 15:09:34'
}
{
  name: 'NotFoundError',
  status: 404,
  type: 'not_found',
  level: 'error',
  label: 'custom logger',
  timestamp: 'Jun-01-2023 15:10:29'
}
{
  name: 'NotFoundError',
  status: 404,
  type: 'not_found',
  level: 'error',
  label: 'custom logger',
  timestamp: 'Jun-01-2023 15:10:38'
}
{
  name: 'NotFoundError',
  status: 404,
  type: 'not_found',
  level: 'error',
  label: 'custom logger',
  timestamp: 'Jun-01-2023 15:10:43'
}
{
  name: 'NotFoundError',
  status: 404,
  type: 'not_found',
  level: 'error',
  label: 'custom logger',
  timestamp: 'Jun-01-2023 15:10:57'
}
{
  name: 'NotFoundError',
  status: 404,
  type: 'not_found',
  level: 'error',
  label: 'custom logger',
  timestamp: 'Jun-01-2023 15:11:00'
}
{
  name: 'NotFoundError',
  status: 404,
  type: 'not_found',
  level: 'error',
  label: 'custom logger',
  timestamp: 'Jun-01-2023 15:11:17'
}
{
  name: 'NotFoundError',
  status: 404,
  type: 'not_found',
  level: 'error',
  label: 'custom logger',
  timestamp: 'Jun-01-2023 15:11:21'
}
{
  name: 'NotFoundError',
  status: 404,
  type: 'not_found',
  level: 'error',
  label: 'custom logger',
  timestamp: 'Jun-01-2023 15:11:24'
}
{
  name: 'NotFoundError',
  status: 404,
  type: 'not_found',
  level: 'error',
  label: 'custom logger',
  timestamp: 'Jun-01-2023 15:11:25'
}
{
  name: 'NotFoundError',
  status: 404,
  type: 'not_found',
  level: 'error',
  label: 'custom logger',
  timestamp: 'Jun-01-2023 15:11:43'
}
{
  message: 'connected to shoperz database successfully ..',
  level: 'info',
  label: 'custom logger',
  timestamp: 'Jun-01-2023 15:25:41'
}
{
  message: 'connected to shoperz database successfully ..',
  level: 'info',
  label: 'custom logger',
  timestamp: 'Jun-01-2023 15:26:06'
}
{
  message: 'connected to shoperz database successfully ..',
  level: 'info',
  label: 'custom logger',
  timestamp: 'Jun-01-2023 15:27:39'
}
{
  message: 'connected to shoperz database successfully ..',
  level: 'info',
  label: 'custom logger',
  timestamp: 'Jun-01-2023 15:27:55'
}
{
  message: 'connected to shoperz database successfully ..',
  level: 'info',
  label: 'custom logger',
  timestamp: 'Jun-01-2023 15:31:29'
}
{
  message: 'connected to shoperz database successfully ..',
  level: 'info',
  label: 'custom logger',
  timestamp: 'Jun-01-2023 15:32:31'
}
{
  message: 'connected to shoperz database successfully ..',
  level: 'info',
  label: 'custom logger',
  timestamp: 'Jun-01-2023 15:33:05'
}
{
  name: 'NotFoundError',
  status: 404,
  type: 'not_found',
  level: 'error',
  label: 'custom logger',
  timestamp: 'Jun-01-2023 15:33:07'
}
{
  name: 'NotFoundError',
  status: 404,
  type: 'not_found',
  level: 'error',
  label: 'custom logger',
  timestamp: 'Jun-01-2023 15:33:36'
}
{
  name: 'NotFoundError',
  status: 404,
  type: 'not_found',
  level: 'error',
  label: 'custom logger',
  timestamp: 'Jun-01-2023 15:33:39'
}
{
  message: 'connected to shoperz database successfully ..',
  level: 'info',
  label: 'custom logger',
  timestamp: 'Jun-01-2023 15:33:59'
}
{
  message: 'connected to shoperz database successfully ..',
  level: 'info',
  label: 'custom logger',
  timestamp: 'Jun-01-2023 15:34:07'
}
{
  message: 'connected to shoperz database successfully ..',
  level: 'info',
  label: 'custom logger',
  timestamp: 'Jun-01-2023 15:35:48'
}
{
  name: 'NotFoundError',
  status: 404,
  type: 'not_found',
  level: 'error',
  label: 'custom logger',
  timestamp: 'Jun-01-2023 15:35:50'
}
{
  message: 'connected to shoperz database successfully ..',
  level: 'info',
  label: 'custom logger',
  timestamp: 'Jun-01-2023 15:35:59'
}
{
  message: 'connected to shoperz database successfully ..',
  level: 'info',
  label: 'custom logger',
  timestamp: 'Jun-01-2023 15:56:48'
}
{
  message: 'connected to shoperz database successfully ..',
  level: 'info',
  label: 'custom logger',
  timestamp: 'Jun-01-2023 15:58:27'
}
{
  message: 'connected to shoperz database successfully ..',
  level: 'info',
  label: 'custom logger',
  timestamp: 'Jun-01-2023 15:58:42'
}
{
  name: 'NotFoundError',
  status: 404,
  type: 'not_found',
  level: 'error',
  label: 'custom logger',
  timestamp: 'Jun-01-2023 15:58:51'
}
{
  message: 'connected to shoperz database successfully ..',
  level: 'info',
  label: 'custom logger',
  timestamp: 'Jun-01-2023 15:59:37'
}
{
  message: 'connected to shoperz database successfully ..',
  level: 'info',
  label: 'custom logger',
  timestamp: 'Jun-01-2023 15:59:49'
}
{
  name: 'NotFoundError',
  status: 404,
  type: 'not_found',
  level: 'error',
  label: 'custom logger',
  timestamp: 'Jun-01-2023 15:59:52'
}
{
  message: 'connected to shoperz database successfully ..',
  level: 'info',
  label: 'custom logger',
  timestamp: 'Jun-01-2023 16:01:36'
}
{
  message: 'connected to shoperz database successfully ..',
  level: 'info',
  label: 'custom logger',
  timestamp: 'Jun-01-2023 16:02:35'
}
{
  message: 'connected to shoperz database successfully ..',
  level: 'info',
  label: 'custom logger',
  timestamp: 'Jun-01-2023 16:03:02'
}
{
  name: 'NotFoundError',
  status: 404,
  type: 'not_found',
  level: 'error',
  label: 'custom logger',
  timestamp: 'Jun-01-2023 16:03:04'
}
{
  name: 'NotFoundError',
  status: 404,
  type: 'not_found',
  level: 'error',
  label: 'custom logger',
  timestamp: 'Jun-01-2023 16:03:23'
}
{
  message: 'connected to shoperz database successfully ..',
  level: 'info',
  label: 'custom logger',
  timestamp: 'Jun-01-2023 16:03:38'
}
{
  name: 'NotFoundError',
  status: 404,
  type: 'not_found',
  level: 'error',
  label: 'custom logger',
  timestamp: 'Jun-01-2023 16:03:38'
}
{
  message: 'connected to shoperz database successfully ..',
  level: 'info',
  label: 'custom logger',
  timestamp: 'Jun-01-2023 16:03:50'
}
{
  message: 'connected to shoperz database successfully ..',
  level: 'info',
  label: 'custom logger',
  timestamp: 'Jun-01-2023 16:04:07'
}
{
  name: 'NotFoundError',
  status: 404,
  type: 'not_found',
  level: 'error',
  label: 'custom logger',
  timestamp: 'Jun-01-2023 16:04:09'
}
{
  message: 'connected to shoperz database successfully ..',
  level: 'info',
  label: 'custom logger',
  timestamp: 'Jun-01-2023 16:12:11'
}
{
  message: 'connected to shoperz database successfully ..',
  level: 'info',
  label: 'custom logger',
  timestamp: 'Jun-01-2023 16:13:18'
}
{
  message: 'connected to shoperz database successfully ..',
  level: 'info',
  label: 'custom logger',
  timestamp: 'Jun-01-2023 16:13:29'
}
{
  message: 'connected to shoperz database successfully ..',
  level: 'info',
  label: 'custom logger',
  timestamp: 'Jun-01-2023 16:14:17'
}
{
  message: 'connected to shoperz database successfully ..',
  level: 'info',
  label: 'custom logger',
  timestamp: 'Jun-01-2023 16:14:31'
}
{
  message: 'connected to shoperz database successfully ..',
  level: 'info',
  label: 'custom logger',
  timestamp: 'Jun-01-2023 16:14:40'
}
{
  message: 'connected to shoperz database successfully ..',
  level: 'info',
  label: 'custom logger',
  timestamp: 'Jun-01-2023 16:14:53'
}
{
  message: 'connected to shoperz database successfully ..',
  level: 'info',
  label: 'custom logger',
  timestamp: 'Jun-01-2023 16:17:01'
}
{
  message: 'connected to shoperz database successfully ..',
  level: 'info',
  label: 'custom logger',
  timestamp: 'Jun-01-2023 16:19:33'
}
{
  name: 'NotFoundError',
  status: 404,
  type: 'not_found',
  level: 'error',
  label: 'custom logger',
  timestamp: 'Jun-01-2023 16:19:36'
}
{
  name: 'NotFoundError',
  status: 404,
  type: 'not_found',
  level: 'error',
  label: 'custom logger',
  timestamp: 'Jun-01-2023 16:19:48'
}
{
  message: 'connected to shoperz database successfully ..',
  level: 'info',
  label: 'custom logger',
  timestamp: 'Jun-01-2023 16:20:04'
}
{
  name: 'NotFoundError',
  status: 404,
  type: 'not_found',
  level: 'error',
  label: 'custom logger',
  timestamp: 'Jun-01-2023 16:20:06'
}
{
  message: 'connected to shoperz database successfully ..',
  level: 'info',
  label: 'custom logger',
  timestamp: 'Jun-01-2023 16:20:18'
}
{
  name: 'NotFoundError',
  status: 404,
  type: 'not_found',
  level: 'error',
  label: 'custom logger',
  timestamp: 'Jun-01-2023 16:20:18'
}
{
  message: 'connected to shoperz database successfully ..',
  level: 'info',
  label: 'custom logger',
  timestamp: 'Jun-01-2023 16:20:38'
}
{
  name: 'NotFoundError',
  status: 404,
  type: 'not_found',
  level: 'error',
  label: 'custom logger',
  timestamp: 'Jun-01-2023 16:20:38'
}
{
  message: 'connected to shoperz database successfully ..',
  level: 'info',
  label: 'custom logger',
  timestamp: 'Jun-01-2023 16:21:28'
}
{
  message: 'connected to shoperz database successfully ..',
  level: 'info',
  label: 'custom logger',
  timestamp: 'Jun-01-2023 16:22:04'
}
{
  message: 'connected to shoperz database successfully ..',
  level: 'info',
  label: 'custom logger',
  timestamp: 'Jun-01-2023 16:23:02'
}
{
  message: 'connected to shoperz database successfully ..',
  level: 'info',
  label: 'custom logger',
  timestamp: 'Jun-01-2023 16:23:18'
}
{
  message: 'connected to shoperz database successfully ..',
  level: 'info',
  label: 'custom logger',
  timestamp: 'Jun-01-2023 16:23:25'
}
{
  name: 'NotFoundError',
  status: 404,
  type: 'not_found',
  level: 'error',
  label: 'custom logger',
  timestamp: 'Jun-01-2023 16:23:27'
}
{
  message: 'connected to shoperz database successfully ..',
  level: 'info',
  label: 'custom logger',
  timestamp: 'Jun-01-2023 16:25:27'
}
{
  message: 'connected to shoperz database successfully ..',
  level: 'info',
  label: 'custom logger',
  timestamp: 'Jun-01-2023 16:26:14'
}
{
  name: 'NotFoundError',
  status: 404,
  type: 'not_found',
  level: 'error',
  label: 'custom logger',
  timestamp: 'Jun-01-2023 16:27:14'
}
{
  message: 'connected to shoperz database successfully ..',
  level: 'info',
  label: 'custom logger',
  timestamp: 'Jun-01-2023 16:28:38'
}
{
  name: 'NotFoundError',
  status: 404,
  type: 'not_found',
  level: 'error',
  label: 'custom logger',
  timestamp: 'Jun-01-2023 16:28:41'
}
{
  message: 'connected to shoperz database successfully ..',
  level: 'info',
  label: 'custom logger',
  timestamp: 'Jun-01-2023 16:29:00'
}
{
  name: 'NotFoundError',
  status: 404,
  type: 'not_found',
  level: 'error',
  label: 'custom logger',
  timestamp: 'Jun-01-2023 16:29:01'
}
{
  message: 'connected to shoperz database successfully ..',
  level: 'info',
  label: 'custom logger',
  timestamp: 'Jun-01-2023 16:30:51'
}
{
  message: 'connected to shoperz database successfully ..',
  level: 'info',
  label: 'custom logger',
  timestamp: 'Jun-01-2023 16:31:05'
}
{
  message: 'connected to shoperz database successfully ..',
  level: 'info',
  label: 'custom logger',
  timestamp: 'Jun-01-2023 16:31:16'
}
{
  name: 'NotFoundError',
  status: 404,
  type: 'not_found',
  level: 'error',
  label: 'custom logger',
  timestamp: 'Jun-01-2023 16:31:20'
}
{
  name: 'NotFoundError',
  status: 404,
  type: 'not_found',
  level: 'error',
  label: 'custom logger',
  timestamp: 'Jun-01-2023 16:31:27'
}
{
  name: 'NotFoundError',
  status: 404,
  type: 'not_found',
  level: 'error',
  label: 'custom logger',
  timestamp: 'Jun-01-2023 16:31:33'
}
{
  message: 'connected to shoperz database successfully ..',
  level: 'info',
  label: 'custom logger',
  timestamp: 'Jun-01-2023 16:32:52'
}
{
  message: 'connected to shoperz database successfully ..',
  level: 'info',
  label: 'custom logger',
  timestamp: 'Jun-01-2023 16:33:02'
}
{
  name: 'NotFoundError',
  status: 404,
  type: 'not_found',
  level: 'error',
  label: 'custom logger',
  timestamp: 'Jun-01-2023 16:33:04'
}
{
  name: 'NotFoundError',
  status: 404,
  type: 'not_found',
  level: 'error',
  label: 'custom logger',
  timestamp: 'Jun-01-2023 16:33:20'
}
{
  name: 'NotFoundError',
  status: 404,
  type: 'not_found',
  level: 'error',
  label: 'custom logger',
  timestamp: 'Jun-01-2023 16:33:27'
}
{
  name: 'NotFoundError',
  status: 404,
  type: 'not_found',
  level: 'error',
  label: 'custom logger',
  timestamp: 'Jun-01-2023 16:33:30'
}
{
  name: 'NotFoundError',
  status: 404,
  type: 'not_found',
  level: 'error',
  label: 'custom logger',
  timestamp: 'Jun-01-2023 16:34:00'
}
{
  name: 'NotFoundError',
  status: 404,
  type: 'not_found',
  level: 'error',
  label: 'custom logger',
  timestamp: 'Jun-01-2023 16:34:25'
}
{
  name: 'NotFoundError',
  status: 404,
  type: 'not_found',
  level: 'error',
  label: 'custom logger',
  timestamp: 'Jun-01-2023 16:34:42'
}
{
  message: 'connected to shoperz database successfully ..',
  level: 'info',
  label: 'custom logger',
  timestamp: 'Jun-01-2023 16:35:09'
}
{
  name: 'NotFoundError',
  status: 404,
  type: 'not_found',
  level: 'error',
  label: 'custom logger',
  timestamp: 'Jun-01-2023 16:35:10'
}
{
  message: 'connected to shoperz database successfully ..',
  level: 'info',
  label: 'custom logger',
  timestamp: 'Jun-01-2023 16:36:24'
}
{
  message: 'connected to shoperz database successfully ..',
  level: 'info',
  label: 'custom logger',
  timestamp: 'Jun-01-2023 16:36:34'
}
{
  message: 'connected to shoperz database successfully ..',
  level: 'info',
  label: 'custom logger',
  timestamp: 'Jun-01-2023 16:36:52'
}
{
  message: 'connected to shoperz database successfully ..',
  level: 'info',
  label: 'custom logger',
  timestamp: 'Jun-01-2023 16:36:59'
}
{
  message: 'connected to shoperz database successfully ..',
  level: 'info',
  label: 'custom logger',
  timestamp: 'Jun-01-2023 16:37:42'
}
{
  message: 'connected to shoperz database successfully ..',
  level: 'info',
  label: 'custom logger',
  timestamp: 'Jun-01-2023 16:37:57'
}
{
  name: 'NotFoundError',
  status: 404,
  type: 'not_found',
  level: 'error',
  label: 'custom logger',
  timestamp: 'Jun-01-2023 16:37:59'
}
{
  message: 'connected to shoperz database successfully ..',
  level: 'info',
  label: 'custom logger',
  timestamp: 'Jun-01-2023 16:38:41'
}
{
  message: 'connected to shoperz database successfully ..',
  level: 'info',
  label: 'custom logger',
  timestamp: 'Jun-01-2023 16:38:51'
}
{
  message: 'connected to shoperz database successfully ..',
  level: 'info',
  label: 'custom logger',
  timestamp: 'Jun-01-2023 16:38:58'
}
{
  name: 'NotFoundError',
  status: 404,
  type: 'not_found',
  level: 'error',
  label: 'custom logger',
  timestamp: 'Jun-01-2023 16:38:59'
}
{
  message: 'connected to shoperz database successfully ..',
  level: 'info',
  label: 'custom logger',
  timestamp: 'Jun-01-2023 16:39:15'
}
{
  message: 'connected to shoperz database successfully ..',
  level: 'info',
  label: 'custom logger',
  timestamp: 'Jun-01-2023 16:39:27'
}
{
  message: 'connected to shoperz database successfully ..',
  level: 'info',
  label: 'custom logger',
  timestamp: 'Jun-01-2023 16:40:06'
}
{
  message: 'connected to shoperz database successfully ..',
  level: 'info',
  label: 'custom logger',
  timestamp: 'Jun-01-2023 16:41:31'
}
{
  message: 'connected to shoperz database successfully ..',
  level: 'info',
  label: 'custom logger',
  timestamp: 'Jun-01-2023 16:42:20'
}
{
  name: 'NotFoundError',
  status: 404,
  type: 'not_found',
  level: 'error',
  label: 'custom logger',
  timestamp: 'Jun-01-2023 16:42:22'
}
{
  message: 'connected to shoperz database successfully ..',
  level: 'info',
  label: 'custom logger',
  timestamp: 'Jun-01-2023 16:42:54'
}
{
  name: 'NotFoundError',
  status: 404,
  type: 'not_found',
  level: 'error',
  label: 'custom logger',
  timestamp: 'Jun-01-2023 16:42:56'
}
{
  message: 'connected to shoperz database successfully ..',
  level: 'info',
  label: 'custom logger',
  timestamp: 'Jun-01-2023 16:58:38'
}
{
  message: 'connected to shoperz database successfully ..',
  level: 'info',
  label: 'custom logger',
  timestamp: 'Jun-01-2023 17:00:34'
}
{
  message: 'connected to shoperz database successfully ..',
  level: 'info',
  label: 'custom logger',
  timestamp: 'Jun-01-2023 17:07:19'
}
{
  message: 'connected to shoperz database successfully ..',
  level: 'info',
  label: 'custom logger',
  timestamp: 'Jun-01-2023 17:08:06'
}
{
  message: 'connected to shoperz database successfully ..',
  level: 'info',
  label: 'custom logger',
  timestamp: 'Jun-01-2023 17:08:36'
}
{
  message: 'connected to shoperz database successfully ..',
  level: 'info',
  label: 'custom logger',
  timestamp: 'Jun-01-2023 17:08:40'
}
{
  message: 'connected to shoperz database successfully ..',
  level: 'info',
  label: 'custom logger',
  timestamp: 'Jun-01-2023 17:08:54'
}
{
  level: 'error',
  label: 'custom logger',
  timestamp: 'Jun-01-2023 17:09:00'
}
{
  name: 'NotFoundError',
  status: 404,
  type: 'not_found',
  level: 'error',
  label: 'custom logger',
  timestamp: 'Jun-01-2023 17:09:01'
}
{
  message: 'connected to shoperz database successfully ..',
  level: 'info',
  label: 'custom logger',
  timestamp: 'Jun-01-2023 17:10:06'
}
{
  level: 'error',
  label: 'custom logger',
  timestamp: 'Jun-01-2023 17:10:08'
}
{
  name: 'NotFoundError',
  status: 404,
  type: 'not_found',
  level: 'error',
  label: 'custom logger',
  timestamp: 'Jun-01-2023 17:10:08'
}
{
  message: 'connected to shoperz database successfully ..',
  level: 'info',
  label: 'custom logger',
  timestamp: 'Jun-01-2023 17:10:25'
}
{
  level: 'error',
  label: 'custom logger',
  timestamp: 'Jun-01-2023 17:10:50'
}
{
  name: 'NotFoundError',
  status: 404,
  type: 'not_found',
  level: 'error',
  label: 'custom logger',
  timestamp: 'Jun-01-2023 17:10:51'
}
{
  level: 'error',
  label: 'custom logger',
  timestamp: 'Jun-01-2023 17:10:57'
}
{
  name: 'NotFoundError',
  status: 404,
  type: 'not_found',
  level: 'error',
  label: 'custom logger',
  timestamp: 'Jun-01-2023 17:10:58'
}
{
  name: 'NotFoundError',
  status: 404,
  type: 'not_found',
  level: 'error',
  label: 'custom logger',
  timestamp: 'Jun-01-2023 17:11:33'
}
{
  level: 'error',
  label: 'custom logger',
  timestamp: 'Jun-01-2023 17:11:55'
}
{
  name: 'NotFoundError',
  status: 404,
  type: 'not_found',
  level: 'error',
  label: 'custom logger',
  timestamp: 'Jun-01-2023 17:11:56'
}
{
  message: 'connected to shoperz database successfully ..',
  level: 'info',
  label: 'custom logger',
  timestamp: 'Jun-01-2023 17:12:28'
}
{
  level: 'error',
  label: 'custom logger',
  timestamp: 'Jun-01-2023 17:12:31'
}
{
  name: 'NotFoundError',
  status: 404,
  type: 'not_found',
  level: 'error',
  label: 'custom logger',
  timestamp: 'Jun-01-2023 17:12:32'
}
{
  message: 'connected to shoperz database successfully ..',
  level: 'info',
  label: 'custom logger',
  timestamp: 'Jun-01-2023 17:12:46'
}
{
  level: 'error',
  label: 'custom logger',
  timestamp: 'Jun-01-2023 17:12:47'
}
{
  name: 'NotFoundError',
  status: 404,
  type: 'not_found',
  level: 'error',
  label: 'custom logger',
  timestamp: 'Jun-01-2023 17:12:47'
}
{
  level: 'error',
  label: 'custom logger',
  timestamp: 'Jun-01-2023 17:12:56'
}
{
  name: 'NotFoundError',
  status: 404,
  type: 'not_found',
  level: 'error',
  label: 'custom logger',
  timestamp: 'Jun-01-2023 17:12:57'
}
{
  message: 'connected to shoperz database successfully ..',
  level: 'info',
  label: 'custom logger',
  timestamp: 'Jun-01-2023 17:13:13'
}
{
  level: 'error',
  label: 'custom logger',
  timestamp: 'Jun-01-2023 17:13:13'
}
{
  name: 'NotFoundError',
  status: 404,
  type: 'not_found',
  level: 'error',
  label: 'custom logger',
  timestamp: 'Jun-01-2023 17:13:14'
}
{
  message: 'connected to shoperz database successfully ..',
  level: 'info',
  label: 'custom logger',
  timestamp: 'Jun-01-2023 17:13:20'
}
{
  stringValue: '"search"',
  messageFormat: undefined,
  kind: 'ObjectId',
  value: 'search',
  path: '_id',
  reason: BSONError: Argument passed in must be a string of 12 bytes or a string of 24 hex characters or an integer
      at new ObjectId (D:\my-work\shoperz-api\node_modules\bson\lib\bson.cjs:2024:23)
      at castObjectId (D:\my-work\shoperz-api\node_modules\mongoose\lib\cast\objectid.js:25:12)
      at ObjectId.cast (D:\my-work\shoperz-api\node_modules\mongoose\lib\schema\objectid.js:246:12)
      at SchemaType.applySetters (D:\my-work\shoperz-api\node_modules\mongoose\lib\schematype.js:1202:12)
      at SchemaType.castForQuery (D:\my-work\shoperz-api\node_modules\mongoose\lib\schematype.js:1614:15)
      at cast (D:\my-work\shoperz-api\node_modules\mongoose\lib\cast.js:348:32)
      at Query.cast (D:\my-work\shoperz-api\node_modules\mongoose\lib\query.js:4816:12)
      at Query._castConditions (D:\my-work\shoperz-api\node_modules\mongoose\lib\query.js:2182:10)
      at model.Query._findOne (D:\my-work\shoperz-api\node_modules\mongoose\lib\query.js:2470:8)
      at model.Query.exec (D:\my-work\shoperz-api\node_modules\mongoose\lib\query.js:4346:28),
  valueType: 'string',
  model: Model { Product },
  level: 'error',
  label: 'custom logger',
  timestamp: 'Jun-01-2023 17:13:20'
}
{
  name: 'NotFoundError',
  status: 404,
  type: 'not_found',
  level: 'error',
  label: 'custom logger',
  timestamp: 'Jun-01-2023 17:13:21'
}
{
  message: 'connected to shoperz database successfully ..',
  level: 'info',
  label: 'custom logger',
  timestamp: 'Jun-01-2023 17:13:32'
}
{
  level: 'error',
  label: 'custom logger',
  timestamp: 'Jun-01-2023 17:13:32'
}
{
  name: 'NotFoundError',
  status: 404,
  type: 'not_found',
  level: 'error',
  label: 'custom logger',
  timestamp: 'Jun-01-2023 17:13:33'
}
{
  message: 'connected to shoperz database successfully ..',
  level: 'info',
  label: 'custom logger',
  timestamp: 'Jun-01-2023 17:14:08'
}
{
  message: 'connected to shoperz database successfully ..',
  level: 'info',
  label: 'custom logger',
  timestamp: 'Jun-01-2023 17:14:29'
}
{
  name: 'NotFoundError',
  status: 404,
  type: 'not_found',
  level: 'error',
  label: 'custom logger',
  timestamp: 'Jun-01-2023 17:14:31'
}
{
  message: 'connected to shoperz database successfully ..',
  level: 'info',
  label: 'custom logger',
  timestamp: 'Jun-01-2023 17:14:47'
}
{
  name: 'NotFoundError',
  status: 404,
  type: 'not_found',
  level: 'error',
  label: 'custom logger',
  timestamp: 'Jun-01-2023 17:14:55'
}
{
  message: 'connected to shoperz database successfully ..',
  level: 'info',
  label: 'custom logger',
  timestamp: 'Jun-01-2023 17:15:34'
}
{
  name: 'NotFoundError',
  status: 404,
  type: 'not_found',
  level: 'error',
  label: 'custom logger',
  timestamp: 'Jun-01-2023 17:15:35'
}
{
  message: 'connected to shoperz database successfully ..',
  level: 'info',
  label: 'custom logger',
  timestamp: 'Jun-01-2023 17:15:47'
}
{
  message: 'connected to shoperz database successfully ..',
  level: 'info',
  label: 'custom logger',
  timestamp: 'Jun-01-2023 21:16:36'
}
{
  message: 'connected to shoperz database successfully ..',
  level: 'info',
  label: 'custom logger',
  timestamp: 'Jun-01-2023 21:17:37'
}
{
  level: 'error',
  label: 'custom logger',
  timestamp: 'Jun-01-2023 21:19:17'
}
{
  name: 'InternalError',
  status: 500,
  type: 'internal_error',
  cause: 'Cart.createUserCart is not a function',
  level: 'error',
  label: 'custom logger',
  timestamp: 'Jun-01-2023 21:19:17'
}
{
  message: 'connected to shoperz database successfully ..',
  level: 'info',
  label: 'custom logger',
  timestamp: 'Jun-01-2023 21:22:11'
}
{
  level: 'error',
  label: 'custom logger',
  timestamp: 'Jun-01-2023 21:22:35'
}
{
  name: 'InternalError',
  status: 500,
  type: 'internal_error',
  cause: 'Cart.createUserCart is not a function',
  level: 'error',
  label: 'custom logger',
  timestamp: 'Jun-01-2023 21:22:35'
}
{
  message: 'connected to shoperz database successfully ..',
  level: 'info',
  label: 'custom logger',
  timestamp: 'Jun-01-2023 21:23:34'
}
{
  message: 'connected to shoperz database successfully ..',
  level: 'info',
  label: 'custom logger',
  timestamp: 'Jun-01-2023 21:23:44'
}
{
  message: 'mail service ready',
  level: 'info',
  label: 'custom logger',
  timestamp: 'Jun-01-2023 21:24:05'
}
{
  message: {
    user_id: new ObjectId("6478f055149195a80b65a260"),
    userWishlist: {
      userId: new ObjectId("6478f055149195a80b65a260"),
      products: [],
      _id: new ObjectId("6478f055149195a80b65a263"),
      createdAt: 2023-06-01T19:24:05.067Z,
      updatedAt: 2023-06-01T19:24:05.067Z,
      __v: 0
    },
    userCart: {
      userId: new ObjectId("6478f055149195a80b65a260"),
      _id: new ObjectId("6478f055149195a80b65a265"),
      items: [],
      createdAt: 2023-06-01T19:24:05.071Z,
      updatedAt: 2023-06-01T19:24:05.071Z,
      __v: 0
    },
    emailDetails: {
      accepted: [ '4534834524@fireboxmail.lol' ],
      rejected: [],
      ehlo: [
        'SIZE 35882577',
        '8BITMIME',
        'AUTH LOGIN PLAIN XOAUTH2 PLAIN-CLIENTTOKEN OAUTHBEARER XOAUTH',
        'ENHANCEDSTATUSCODES',
        'PIPELINING',
        'CHUNKING',
        'SMTPUTF8'
      ],
      envelopeTime: 1798,
      messageTime: 1046,
      messageSize: 1523,
      response: '250 2.0.0 OK  1685647489 h17-20020a5d4fd1000000b003095bd71159sm11338643wrw.7 - gsmtp',
      envelope: {
        from: 'shoperzshop1@gmail.com',
        to: [ '4534834524@fireboxmail.lol' ]
      },
      messageId: '<f2074d79-336d-46ee-df65-bc59aded3c67@gmail.com>'
    }
  },
  level: 'info',
  label: 'custom logger',
  timestamp: 'Jun-01-2023 21:24:08'
}
{
  message: 'connected to shoperz database successfully ..',
  level: 'info',
  label: 'custom logger',
  timestamp: 'Jun-01-2023 21:28:45'
}
{
  message: 'connected to shoperz database successfully ..',
  level: 'info',
  label: 'custom logger',
  timestamp: 'Jun-01-2023 22:03:51'
}
