{
  message: 'connected to shoperz database successfully ..',
  level: 'info',
  label: 'custom logger',
  timestamp: 'Jun-21-2023 10:24:00'
}
{
  message: 'connected to shoperz database successfully ..',
  level: 'info',
  label: 'custom logger',
  timestamp: 'Jun-21-2023 10:25:23'
}
{
  message: 'connected to shoperz database successfully ..',
  level: 'info',
  label: 'custom logger',
  timestamp: 'Jun-21-2023 10:31:04'
}
{
  message: 'connected to shoperz database successfully ..',
  level: 'info',
  label: 'custom logger',
  timestamp: 'Jun-21-2023 10:33:17'
}
{
  message: 'connected to shoperz database successfully ..',
  level: 'info',
  label: 'custom logger',
  timestamp: 'Jun-21-2023 10:33:41'
}
{
  message: 'connected to shoperz database successfully ..',
  level: 'info',
  label: 'custom logger',
  timestamp: 'Jun-21-2023 10:33:56'
}
{
  message: 'connected to shoperz database successfully ..',
  level: 'info',
  label: 'custom logger',
  timestamp: 'Jun-21-2023 10:34:25'
}
{
  message: 'connected to shoperz database successfully ..',
  level: 'info',
  label: 'custom logger',
  timestamp: 'Jun-21-2023 10:34:40'
}
{
  message: 'connected to shoperz database successfully ..',
  level: 'info',
  label: 'custom logger',
  timestamp: 'Jun-21-2023 10:34:50'
}
{
  message: 'connected to shoperz database successfully ..',
  level: 'info',
  label: 'custom logger',
  timestamp: 'Jun-21-2023 14:03:37'
}
