{
  message: 'connected to shoperz database successfully ..',
  level: 'info',
  label: 'custom logger',
  timestamp: 'Jun-22-2023 10:29:02'
}
{
  message: 'connected to shoperz database successfully ..',
  level: 'info',
  label: 'custom logger',
  timestamp: 'Jun-22-2023 14:54:56'
}
{
  message: 'connected to shoperz database successfully ..',
  level: 'info',
  label: 'custom logger',
  timestamp: 'Jun-22-2023 15:01:53'
}
{
  message: 'connected to shoperz database successfully ..',
  level: 'info',
  label: 'custom logger',
  timestamp: 'Jun-22-2023 22:08:42'
}
{
  stringValue: '"undefined"',
  messageFormat: undefined,
  kind: 'ObjectId',
  value: 'undefined',
  path: '_id',
  reason: BSONError: Argument passed in must be a string of 12 bytes or a string of 24 hex characters or an integer
      at new ObjectId (D:\my-work\shoperz-api\node_modules\bson\lib\bson.cjs:2024:23)
      at castObjectId (D:\my-work\shoperz-api\node_modules\mongoose\lib\cast\objectid.js:25:12)
      at ObjectId.cast (D:\my-work\shoperz-api\node_modules\mongoose\lib\schema\objectid.js:246:12)
      at SchemaType.applySetters (D:\my-work\shoperz-api\node_modules\mongoose\lib\schematype.js:1202:12)
      at SchemaType.castForQuery (D:\my-work\shoperz-api\node_modules\mongoose\lib\schematype.js:1614:15)
      at cast (D:\my-work\shoperz-api\node_modules\mongoose\lib\cast.js:348:32)
      at Query.cast (D:\my-work\shoperz-api\node_modules\mongoose\lib\query.js:4816:12)
      at Query._castConditions (D:\my-work\shoperz-api\node_modules\mongoose\lib\query.js:2182:10)
      at model.Query._findOne (D:\my-work\shoperz-api\node_modules\mongoose\lib\query.js:2470:8)
      at model.Query.exec (D:\my-work\shoperz-api\node_modules\mongoose\lib\query.js:4346:28),
  valueType: 'string',
  model: Model { Product },
  level: 'error',
  label: 'custom logger',
  timestamp: 'Jun-22-2023 22:36:52'
}
