{
  message: 'connected to shoperz database successfully ..',
  level: 'info',
  label: 'custom logger',
  timestamp: 'Jul-07-2023 21:00:45'
}
{
  name: 'NotFoundError',
  status: 404,
  type: 'not_found',
  level: 'error',
  label: 'custom logger',
  timestamp: 'Jul-07-2023 21:00:52'
}
{
  message: 'connected to shoperz database successfully ..',
  level: 'info',
  label: 'custom logger',
  timestamp: 'Jul-07-2023 21:01:57'
}
{
  message: 'connected to shoperz database successfully ..',
  level: 'info',
  label: 'custom logger',
  timestamp: 'Jul-07-2023 21:02:34'
}
{
  name: 'NotFoundError',
  status: 404,
  type: 'not_found',
  level: 'error',
  label: 'custom logger',
  timestamp: 'Jul-07-2023 21:02:38'
}
{
  name: 'NotFoundError',
  status: 404,
  type: 'not_found',
  level: 'error',
  label: 'custom logger',
  timestamp: 'Jul-07-2023 21:02:39'
}
{
  name: 'NotFoundError',
  status: 404,
  type: 'not_found',
  level: 'error',
  label: 'custom logger',
  timestamp: 'Jul-07-2023 21:02:39'
}
{
  name: 'NotFoundError',
  status: 404,
  type: 'not_found',
  level: 'error',
  label: 'custom logger',
  timestamp: 'Jul-07-2023 21:02:39'
}
{
  name: 'NotFoundError',
  status: 404,
  type: 'not_found',
  level: 'error',
  label: 'custom logger',
  timestamp: 'Jul-07-2023 21:02:39'
}
{
  message: 'connected to shoperz database successfully ..',
  level: 'info',
  label: 'custom logger',
  timestamp: 'Jul-07-2023 21:02:59'
}
{
  name: 'NotFoundError',
  status: 404,
  type: 'not_found',
  level: 'error',
  label: 'custom logger',
  timestamp: 'Jul-07-2023 21:03:01'
}
{
  name: 'NotFoundError',
  status: 404,
  type: 'not_found',
  level: 'error',
  label: 'custom logger',
  timestamp: 'Jul-07-2023 21:03:17'
}
{
  name: 'NotFoundError',
  status: 404,
  type: 'not_found',
  level: 'error',
  label: 'custom logger',
  timestamp: 'Jul-07-2023 21:03:23'
}
{
  message: 'connected to shoperz database successfully ..',
  level: 'info',
  label: 'custom logger',
  timestamp: 'Jul-07-2023 21:03:32'
}
{
  name: 'NotFoundError',
  status: 404,
  type: 'not_found',
  level: 'error',
  label: 'custom logger',
  timestamp: 'Jul-07-2023 21:03:36'
}
{
  message: 'connected to shoperz database successfully ..',
  level: 'info',
  label: 'custom logger',
  timestamp: 'Jul-07-2023 21:03:54'
}
{
  name: 'NotFoundError',
  status: 404,
  type: 'not_found',
  level: 'error',
  label: 'custom logger',
  timestamp: 'Jul-07-2023 21:03:55'
}
{
  message: 'connected to shoperz database successfully ..',
  level: 'info',
  label: 'custom logger',
  timestamp: 'Jul-07-2023 21:04:08'
}
{
  name: 'NotFoundError',
  status: 404,
  type: 'not_found',
  level: 'error',
  label: 'custom logger',
  timestamp: 'Jul-07-2023 21:04:09'
}
{
  message: 'connected to shoperz database successfully ..',
  level: 'info',
  label: 'custom logger',
  timestamp: 'Jul-07-2023 21:05:02'
}
{
  message: 'connected to shoperz database successfully ..',
  level: 'info',
  label: 'custom logger',
  timestamp: 'Jul-07-2023 21:05:06'
}
{
  name: 'NotFoundError',
  status: 404,
  type: 'not_found',
  level: 'error',
  label: 'custom logger',
  timestamp: 'Jul-07-2023 21:05:11'
}
{
  message: 'connected to shoperz database successfully ..',
  level: 'info',
  label: 'custom logger',
  timestamp: 'Jul-07-2023 21:05:22'
}
{
  message: 'connected to shoperz database successfully ..',
  level: 'info',
  label: 'custom logger',
  timestamp: 'Jul-07-2023 21:05:33'
}
{
  message: 'connected to shoperz database successfully ..',
  level: 'info',
  label: 'custom logger',
  timestamp: 'Jul-07-2023 21:05:41'
}
{
  name: 'NotFoundError',
  status: 404,
  type: 'not_found',
  level: 'error',
  label: 'custom logger',
  timestamp: 'Jul-07-2023 21:05:41'
}
{
  message: 'connected to shoperz database successfully ..',
  level: 'info',
  label: 'custom logger',
  timestamp: 'Jul-07-2023 21:05:50'
}
{
  name: 'NotFoundError',
  status: 404,
  type: 'not_found',
  level: 'error',
  label: 'custom logger',
  timestamp: 'Jul-07-2023 21:05:50'
}
{
  name: 'NotFoundError',
  status: 404,
  type: 'not_found',
  level: 'error',
  label: 'custom logger',
  timestamp: 'Jul-07-2023 21:05:54'
}
{
  name: 'NotFoundError',
  status: 404,
  type: 'not_found',
  level: 'error',
  label: 'custom logger',
  timestamp: 'Jul-07-2023 21:05:54'
}
{
  name: 'NotFoundError',
  status: 404,
  type: 'not_found',
  level: 'error',
  label: 'custom logger',
  timestamp: 'Jul-07-2023 21:05:54'
}
{
  name: 'NotFoundError',
  status: 404,
  type: 'not_found',
  level: 'error',
  label: 'custom logger',
  timestamp: 'Jul-07-2023 21:05:55'
}
{
  name: 'NotFoundError',
  status: 404,
  type: 'not_found',
  level: 'error',
  label: 'custom logger',
  timestamp: 'Jul-07-2023 21:05:55'
}
{
  name: 'NotFoundError',
  status: 404,
  type: 'not_found',
  level: 'error',
  label: 'custom logger',
  timestamp: 'Jul-07-2023 21:05:55'
}
{
  message: 'connected to shoperz database successfully ..',
  level: 'info',
  label: 'custom logger',
  timestamp: 'Jul-07-2023 21:06:02'
}
{
  name: 'NotFoundError',
  status: 404,
  type: 'not_found',
  level: 'error',
  label: 'custom logger',
  timestamp: 'Jul-07-2023 21:06:02'
}
{
  name: 'NotFoundError',
  status: 404,
  type: 'not_found',
  level: 'error',
  label: 'custom logger',
  timestamp: 'Jul-07-2023 21:06:12'
}
{
  name: 'NotFoundError',
  status: 404,
  type: 'not_found',
  level: 'error',
  label: 'custom logger',
  timestamp: 'Jul-07-2023 21:06:19'
}
{
  name: 'NotFoundError',
  status: 404,
  type: 'not_found',
  level: 'error',
  label: 'custom logger',
  timestamp: 'Jul-07-2023 21:06:46'
}
{
  name: 'NotFoundError',
  status: 404,
  type: 'not_found',
  level: 'error',
  label: 'custom logger',
  timestamp: 'Jul-07-2023 21:06:54'
}
{
  name: 'NotFoundError',
  status: 404,
  type: 'not_found',
  level: 'error',
  label: 'custom logger',
  timestamp: 'Jul-07-2023 21:07:01'
}
{
  name: 'NotFoundError',
  status: 404,
  type: 'not_found',
  level: 'error',
  label: 'custom logger',
  timestamp: 'Jul-07-2023 21:07:04'
}
{
  name: 'NotFoundError',
  status: 404,
  type: 'not_found',
  level: 'error',
  label: 'custom logger',
  timestamp: 'Jul-07-2023 21:07:14'
}
{
  name: 'NotFoundError',
  status: 404,
  type: 'not_found',
  level: 'error',
  label: 'custom logger',
  timestamp: 'Jul-07-2023 21:07:35'
}
{
  name: 'NotFoundError',
  status: 404,
  type: 'not_found',
  level: 'error',
  label: 'custom logger',
  timestamp: 'Jul-07-2023 21:07:38'
}
{
  name: 'NotFoundError',
  status: 404,
  type: 'not_found',
  level: 'error',
  label: 'custom logger',
  timestamp: 'Jul-07-2023 21:07:53'
}
{
  name: 'NotFoundError',
  status: 404,
  type: 'not_found',
  level: 'error',
  label: 'custom logger',
  timestamp: 'Jul-07-2023 21:07:59'
}
{
  name: 'NotFoundError',
  status: 404,
  type: 'not_found',
  level: 'error',
  label: 'custom logger',
  timestamp: 'Jul-07-2023 21:08:05'
}
{
  name: 'NotFoundError',
  status: 404,
  type: 'not_found',
  level: 'error',
  label: 'custom logger',
  timestamp: 'Jul-07-2023 21:08:22'
}
{
  name: 'NotFoundError',
  status: 404,
  type: 'not_found',
  level: 'error',
  label: 'custom logger',
  timestamp: 'Jul-07-2023 21:08:25'
}
{
  message: 'connected to shoperz database successfully ..',
  level: 'info',
  label: 'custom logger',
  timestamp: 'Jul-07-2023 21:09:04'
}
{
  name: 'NotFoundError',
  status: 404,
  type: 'not_found',
  level: 'error',
  label: 'custom logger',
  timestamp: 'Jul-07-2023 21:09:04'
}
{
  message: 'connected to shoperz database successfully ..',
  level: 'info',
  label: 'custom logger',
  timestamp: 'Jul-07-2023 21:09:09'
}
{
  message: 'connected to shoperz database successfully ..',
  level: 'info',
  label: 'custom logger',
  timestamp: 'Jul-07-2023 21:09:19'
}
{
  name: 'NotFoundError',
  status: 404,
  type: 'not_found',
  level: 'error',
  label: 'custom logger',
  timestamp: 'Jul-07-2023 21:09:20'
}
{
  message: 'connected to shoperz database successfully ..',
  level: 'info',
  label: 'custom logger',
  timestamp: 'Jul-07-2023 21:09:51'
}
{
  name: 'NotFoundError',
  status: 404,
  type: 'not_found',
  level: 'error',
  label: 'custom logger',
  timestamp: 'Jul-07-2023 21:09:52'
}
{
  message: 'connected to shoperz database successfully ..',
  level: 'info',
  label: 'custom logger',
  timestamp: 'Jul-07-2023 21:10:02'
}
{
  name: 'NotFoundError',
  status: 404,
  type: 'not_found',
  level: 'error',
  label: 'custom logger',
  timestamp: 'Jul-07-2023 21:10:03'
}
{
  name: 'NotFoundError',
  status: 404,
  type: 'not_found',
  level: 'error',
  label: 'custom logger',
  timestamp: 'Jul-07-2023 21:10:04'
}
{
  message: 'connected to shoperz database successfully ..',
  level: 'info',
  label: 'custom logger',
  timestamp: 'Jul-07-2023 21:10:14'
}
{
  name: 'NotFoundError',
  status: 404,
  type: 'not_found',
  level: 'error',
  label: 'custom logger',
  timestamp: 'Jul-07-2023 21:10:14'
}
{
  name: 'NotFoundError',
  status: 404,
  type: 'not_found',
  level: 'error',
  label: 'custom logger',
  timestamp: 'Jul-07-2023 21:10:15'
}
{
  name: 'NotFoundError',
  status: 404,
  type: 'not_found',
  level: 'error',
  label: 'custom logger',
  timestamp: 'Jul-07-2023 21:22:51'
}
{
  message: 'connected to shoperz database successfully ..',
  level: 'info',
  label: 'custom logger',
  timestamp: 'Jul-07-2023 21:26:04'
}
{
  message: 'connected to shoperz database successfully ..',
  level: 'info',
  label: 'custom logger',
  timestamp: 'Jul-07-2023 21:26:19'
}
{
  name: 'NotFoundError',
  status: 404,
  type: 'not_found',
  level: 'error',
  label: 'custom logger',
  timestamp: 'Jul-07-2023 21:26:22'
}
{
  message: 'connected to shoperz database successfully ..',
  level: 'info',
  label: 'custom logger',
  timestamp: 'Jul-07-2023 21:26:30'
}
{
  name: 'NotFoundError',
  status: 404,
  type: 'not_found',
  level: 'error',
  label: 'custom logger',
  timestamp: 'Jul-07-2023 21:26:30'
}
{
  name: 'NotFoundError',
  status: 404,
  type: 'not_found',
  level: 'error',
  label: 'custom logger',
  timestamp: 'Jul-07-2023 21:26:31'
}
{
  message: 'connected to shoperz database successfully ..',
  level: 'info',
  label: 'custom logger',
  timestamp: 'Jul-07-2023 21:26:41'
}
{
  name: 'NotFoundError',
  status: 404,
  type: 'not_found',
  level: 'error',
  label: 'custom logger',
  timestamp: 'Jul-07-2023 21:26:41'
}
{
  name: 'NotFoundError',
  status: 404,
  type: 'not_found',
  level: 'error',
  label: 'custom logger',
  timestamp: 'Jul-07-2023 21:26:45'
}
{
  name: 'NotFoundError',
  status: 404,
  type: 'not_found',
  level: 'error',
  label: 'custom logger',
  timestamp: 'Jul-07-2023 21:26:52'
}
{
  name: 'NotFoundError',
  status: 404,
  type: 'not_found',
  level: 'error',
  label: 'custom logger',
  timestamp: 'Jul-07-2023 21:27:04'
}
{
  name: 'NotFoundError',
  status: 404,
  type: 'not_found',
  level: 'error',
  label: 'custom logger',
  timestamp: 'Jul-07-2023 21:27:15'
}
{
  message: 'connected to shoperz database successfully ..',
  level: 'info',
  label: 'custom logger',
  timestamp: 'Jul-07-2023 21:27:48'
}
{
  message: 'connected to shoperz database successfully ..',
  level: 'info',
  label: 'custom logger',
  timestamp: 'Jul-07-2023 21:28:02'
}
{
  message: 'connected to shoperz database successfully ..',
  level: 'info',
  label: 'custom logger',
  timestamp: 'Jul-07-2023 21:28:14'
}
{
  message: 'connected to shoperz database successfully ..',
  level: 'info',
  label: 'custom logger',
  timestamp: 'Jul-07-2023 21:28:28'
}
{
  message: 'connected to shoperz database successfully ..',
  level: 'info',
  label: 'custom logger',
  timestamp: 'Jul-07-2023 21:28:30'
}
{
  message: 'connected to shoperz database successfully ..',
  level: 'info',
  label: 'custom logger',
  timestamp: 'Jul-07-2023 21:28:46'
}
{
  message: 'connected to shoperz database successfully ..',
  level: 'info',
  label: 'custom logger',
  timestamp: 'Jul-07-2023 21:28:59'
}
{
  message: 'connected to shoperz database successfully ..',
  level: 'info',
  label: 'custom logger',
  timestamp: 'Jul-07-2023 21:31:08'
}
{
  message: 'connected to shoperz database successfully ..',
  level: 'info',
  label: 'custom logger',
  timestamp: 'Jul-07-2023 21:31:12'
}
{
  message: 'connected to shoperz database successfully ..',
  level: 'info',
  label: 'custom logger',
  timestamp: 'Jul-07-2023 21:31:31'
}
{
  message: 'connected to shoperz database successfully ..',
  level: 'info',
  label: 'custom logger',
  timestamp: 'Jul-07-2023 21:31:51'
}
{
  message: 'connected to shoperz database successfully ..',
  level: 'info',
  label: 'custom logger',
  timestamp: 'Jul-07-2023 21:31:53'
}
{
  message: 'connected to shoperz database successfully ..',
  level: 'info',
  label: 'custom logger',
  timestamp: 'Jul-07-2023 21:32:57'
}
{
  message: 'connected to shoperz database successfully ..',
  level: 'info',
  label: 'custom logger',
  timestamp: 'Jul-07-2023 21:33:35'
}
{
  message: 'connected to shoperz database successfully ..',
  level: 'info',
  label: 'custom logger',
  timestamp: 'Jul-07-2023 21:35:22'
}
{
  message: 'connected to shoperz database successfully ..',
  level: 'info',
  label: 'custom logger',
  timestamp: 'Jul-07-2023 21:35:24'
}
{
  message: 'connected to shoperz database successfully ..',
  level: 'info',
  label: 'custom logger',
  timestamp: 'Jul-07-2023 21:35:31'
}
{
  message: 'connected to shoperz database successfully ..',
  level: 'info',
  label: 'custom logger',
  timestamp: 'Jul-07-2023 21:35:59'
}
{
  message: 'connected to shoperz database successfully ..',
  level: 'info',
  label: 'custom logger',
  timestamp: 'Jul-07-2023 21:36:32'
}
{
  message: 'connected to shoperz database successfully ..',
  level: 'info',
  label: 'custom logger',
  timestamp: 'Jul-07-2023 21:36:42'
}
{
  name: 'NotFoundError',
  status: 404,
  type: 'not_found',
  level: 'error',
  label: 'custom logger',
  timestamp: 'Jul-07-2023 21:36:44'
}
{
  message: 'connected to shoperz database successfully ..',
  level: 'info',
  label: 'custom logger',
  timestamp: 'Jul-07-2023 21:37:10'
}
{
  name: 'NotFoundError',
  status: 404,
  type: 'not_found',
  level: 'error',
  label: 'custom logger',
  timestamp: 'Jul-07-2023 21:37:11'
}
{
  message: 'connected to shoperz database successfully ..',
  level: 'info',
  label: 'custom logger',
  timestamp: 'Jul-07-2023 21:37:54'
}
{
  name: 'NotFoundError',
  status: 404,
  type: 'not_found',
  level: 'error',
  label: 'custom logger',
  timestamp: 'Jul-07-2023 21:37:54'
}
{
  message: 'connected to shoperz database successfully ..',
  level: 'info',
  label: 'custom logger',
  timestamp: 'Jul-07-2023 21:38:02'
}
{
  message: 'connected to shoperz database successfully ..',
  level: 'info',
  label: 'custom logger',
  timestamp: 'Jul-07-2023 21:38:49'
}
{
  message: 'connected to shoperz database successfully ..',
  level: 'info',
  label: 'custom logger',
  timestamp: 'Jul-07-2023 21:39:40'
}
{
  message: 'connected to shoperz database successfully ..',
  level: 'info',
  label: 'custom logger',
  timestamp: 'Jul-07-2023 21:40:15'
}
{
  message: 'connected to shoperz database successfully ..',
  level: 'info',
  label: 'custom logger',
  timestamp: 'Jul-07-2023 21:40:43'
}
{
  message: 'connected to shoperz database successfully ..',
  level: 'info',
  label: 'custom logger',
  timestamp: 'Jul-07-2023 21:40:54'
}
{
  stringValue: '"null"',
  messageFormat: undefined,
  kind: 'Object',
  value: null,
  path: '$and.3',
  reason: undefined,
  valueType: 'null',
  model: Model { Product },
  level: 'error',
  label: 'custom logger',
  timestamp: 'Jul-07-2023 21:40:54'
}
{
  name: 'NotFoundError',
  status: 404,
  type: 'not_found',
  level: 'error',
  label: 'custom logger',
  timestamp: 'Jul-07-2023 21:40:54'
}
{
  message: 'connected to shoperz database successfully ..',
  level: 'info',
  label: 'custom logger',
  timestamp: 'Jul-07-2023 21:41:03'
}
{
  name: 'NotFoundError',
  status: 404,
  type: 'not_found',
  level: 'error',
  label: 'custom logger',
  timestamp: 'Jul-07-2023 21:41:28'
}
{
  name: 'NotFoundError',
  status: 404,
  type: 'not_found',
  level: 'error',
  label: 'custom logger',
  timestamp: 'Jul-07-2023 21:41:29'
}
{
  name: 'NotFoundError',
  status: 404,
  type: 'not_found',
  level: 'error',
  label: 'custom logger',
  timestamp: 'Jul-07-2023 21:41:30'
}
{
  name: 'NotFoundError',
  status: 404,
  type: 'not_found',
  level: 'error',
  label: 'custom logger',
  timestamp: 'Jul-07-2023 21:41:30'
}
{
  message: 'connected to shoperz database successfully ..',
  level: 'info',
  label: 'custom logger',
  timestamp: 'Jul-07-2023 21:42:01'
}
{
  name: 'NotFoundError',
  status: 404,
  type: 'not_found',
  level: 'error',
  label: 'custom logger',
  timestamp: 'Jul-07-2023 21:42:01'
}
{
  message: 'connected to shoperz database successfully ..',
  level: 'info',
  label: 'custom logger',
  timestamp: 'Jul-07-2023 21:42:05'
}
{
  message: 'connected to shoperz database successfully ..',
  level: 'info',
  label: 'custom logger',
  timestamp: 'Jul-07-2023 21:42:12'
}
{
  name: 'NotFoundError',
  status: 404,
  type: 'not_found',
  level: 'error',
  label: 'custom logger',
  timestamp: 'Jul-07-2023 21:42:12'
}
{
  message: 'connected to shoperz database successfully ..',
  level: 'info',
  label: 'custom logger',
  timestamp: 'Jul-07-2023 21:42:17'
}
{
  name: 'NotFoundError',
  status: 404,
  type: 'not_found',
  level: 'error',
  label: 'custom logger',
  timestamp: 'Jul-07-2023 21:42:17'
}
{
  message: 'connected to shoperz database successfully ..',
  level: 'info',
  label: 'custom logger',
  timestamp: 'Jul-07-2023 21:42:31'
}
{
  name: 'NotFoundError',
  status: 404,
  type: 'not_found',
  level: 'error',
  label: 'custom logger',
  timestamp: 'Jul-07-2023 21:42:31'
}
{
  message: 'connected to shoperz database successfully ..',
  level: 'info',
  label: 'custom logger',
  timestamp: 'Jul-07-2023 21:42:35'
}
{
  message: 'connected to shoperz database successfully ..',
  level: 'info',
  label: 'custom logger',
  timestamp: 'Jul-07-2023 21:44:47'
}
{
  name: 'NotFoundError',
  status: 404,
  type: 'not_found',
  level: 'error',
  label: 'custom logger',
  timestamp: 'Jul-07-2023 21:44:47'
}
{
  message: 'connected to shoperz database successfully ..',
  level: 'info',
  label: 'custom logger',
  timestamp: 'Jul-07-2023 21:45:27'
}
{
  name: 'NotFoundError',
  status: 404,
  type: 'not_found',
  level: 'error',
  label: 'custom logger',
  timestamp: 'Jul-07-2023 21:45:39'
}
{
  name: 'NotFoundError',
  status: 404,
  type: 'not_found',
  level: 'error',
  label: 'custom logger',
  timestamp: 'Jul-07-2023 21:47:14'
}
{
  message: 'connected to shoperz database successfully ..',
  level: 'info',
  label: 'custom logger',
  timestamp: 'Jul-07-2023 21:47:32'
}
{
  name: 'NotFoundError',
  status: 404,
  type: 'not_found',
  level: 'error',
  label: 'custom logger',
  timestamp: 'Jul-07-2023 21:47:32'
}
{
  message: 'connected to shoperz database successfully ..',
  level: 'info',
  label: 'custom logger',
  timestamp: 'Jul-07-2023 21:48:12'
}
{
  message: 'connected to shoperz database successfully ..',
  level: 'info',
  label: 'custom logger',
  timestamp: 'Jul-07-2023 21:49:11'
}
{
  message: 'connected to shoperz database successfully ..',
  level: 'info',
  label: 'custom logger',
  timestamp: 'Jul-07-2023 21:49:48'
}
{
  message: 'connected to shoperz database successfully ..',
  level: 'info',
  label: 'custom logger',
  timestamp: 'Jul-07-2023 21:50:04'
}
{
  message: 'connected to shoperz database successfully ..',
  level: 'info',
  label: 'custom logger',
  timestamp: 'Jul-07-2023 21:50:41'
}
{
  message: 'connected to shoperz database successfully ..',
  level: 'info',
  label: 'custom logger',
  timestamp: 'Jul-07-2023 21:51:10'
}
{
  message: 'connected to shoperz database successfully ..',
  level: 'info',
  label: 'custom logger',
  timestamp: 'Jul-07-2023 21:51:14'
}
{
  message: 'connected to shoperz database successfully ..',
  level: 'info',
  label: 'custom logger',
  timestamp: 'Jul-07-2023 21:51:21'
}
{
  message: 'connected to shoperz database successfully ..',
  level: 'info',
  label: 'custom logger',
  timestamp: 'Jul-07-2023 21:51:25'
}
{
  message: 'connected to shoperz database successfully ..',
  level: 'info',
  label: 'custom logger',
  timestamp: 'Jul-07-2023 21:52:39'
}
{
  message: 'connected to shoperz database successfully ..',
  level: 'info',
  label: 'custom logger',
  timestamp: 'Jul-07-2023 21:52:44'
}
{
  message: 'connected to shoperz database successfully ..',
  level: 'info',
  label: 'custom logger',
  timestamp: 'Jul-07-2023 21:52:58'
}
{
  message: 'connected to shoperz database successfully ..',
  level: 'info',
  label: 'custom logger',
  timestamp: 'Jul-07-2023 21:53:08'
}
{
  message: 'connected to shoperz database successfully ..',
  level: 'info',
  label: 'custom logger',
  timestamp: 'Jul-07-2023 21:53:13'
}
{
  message: 'connected to shoperz database successfully ..',
  level: 'info',
  label: 'custom logger',
  timestamp: 'Jul-07-2023 21:53:26'
}
{
  message: 'connected to shoperz database successfully ..',
  level: 'info',
  label: 'custom logger',
  timestamp: 'Jul-07-2023 21:53:34'
}
{
  message: 'connected to shoperz database successfully ..',
  level: 'info',
  label: 'custom logger',
  timestamp: 'Jul-07-2023 21:53:41'
}
{
  message: 'connected to shoperz database successfully ..',
  level: 'info',
  label: 'custom logger',
  timestamp: 'Jul-07-2023 21:54:19'
}
{
  message: 'connected to shoperz database successfully ..',
  level: 'info',
  label: 'custom logger',
  timestamp: 'Jul-07-2023 21:54:38'
}
{
  message: 'connected to shoperz database successfully ..',
  level: 'info',
  label: 'custom logger',
  timestamp: 'Jul-07-2023 21:54:49'
}
{
  message: 'connected to shoperz database successfully ..',
  level: 'info',
  label: 'custom logger',
  timestamp: 'Jul-07-2023 21:55:09'
}
{
  message: 'connected to shoperz database successfully ..',
  level: 'info',
  label: 'custom logger',
  timestamp: 'Jul-07-2023 21:55:15'
}
{
  message: 'connected to shoperz database successfully ..',
  level: 'info',
  label: 'custom logger',
  timestamp: 'Jul-07-2023 21:55:23'
}
{
  message: 'connected to shoperz database successfully ..',
  level: 'info',
  label: 'custom logger',
  timestamp: 'Jul-07-2023 21:55:31'
}
{
  message: 'connected to shoperz database successfully ..',
  level: 'info',
  label: 'custom logger',
  timestamp: 'Jul-07-2023 21:55:38'
}
{
  message: 'connected to shoperz database successfully ..',
  level: 'info',
  label: 'custom logger',
  timestamp: 'Jul-07-2023 21:56:11'
}
{
  message: 'connected to shoperz database successfully ..',
  level: 'info',
  label: 'custom logger',
  timestamp: 'Jul-07-2023 21:56:13'
}
{
  message: 'connected to shoperz database successfully ..',
  level: 'info',
  label: 'custom logger',
  timestamp: 'Jul-07-2023 21:56:38'
}
{
  message: 'connected to shoperz database successfully ..',
  level: 'info',
  label: 'custom logger',
  timestamp: 'Jul-07-2023 21:57:22'
}
{
  message: 'connected to shoperz database successfully ..',
  level: 'info',
  label: 'custom logger',
  timestamp: 'Jul-07-2023 21:58:53'
}
{
  message: 'connected to shoperz database successfully ..',
  level: 'info',
  label: 'custom logger',
  timestamp: 'Jul-07-2023 21:58:54'
}
{
  message: 'connected to shoperz database successfully ..',
  level: 'info',
  label: 'custom logger',
  timestamp: 'Jul-07-2023 21:59:08'
}
{
  message: 'connected to shoperz database successfully ..',
  level: 'info',
  label: 'custom logger',
  timestamp: 'Jul-07-2023 21:59:10'
}
{
  message: 'connected to shoperz database successfully ..',
  level: 'info',
  label: 'custom logger',
  timestamp: 'Jul-07-2023 21:59:24'
}
{
  level: 'error',
  label: 'custom logger',
  timestamp: 'Jul-07-2023 21:59:27'
}
{
  name: 'NotFoundError',
  status: 404,
  type: 'not_found',
  level: 'error',
  label: 'custom logger',
  timestamp: 'Jul-07-2023 21:59:27'
}
{
  message: 'connected to shoperz database successfully ..',
  level: 'info',
  label: 'custom logger',
  timestamp: 'Jul-07-2023 22:00:11'
}
{
  message: 'connected to shoperz database successfully ..',
  level: 'info',
  label: 'custom logger',
  timestamp: 'Jul-07-2023 22:00:18'
}
{
  name: 'NotFoundError',
  status: 404,
  type: 'not_found',
  level: 'error',
  label: 'custom logger',
  timestamp: 'Jul-07-2023 22:00:19'
}
{
  message: 'connected to shoperz database successfully ..',
  level: 'info',
  label: 'custom logger',
  timestamp: 'Jul-07-2023 22:00:34'
}
{
  name: 'NotFoundError',
  status: 404,
  type: 'not_found',
  level: 'error',
  label: 'custom logger',
  timestamp: 'Jul-07-2023 22:00:34'
}
{
  message: 'connected to shoperz database successfully ..',
  level: 'info',
  label: 'custom logger',
  timestamp: 'Jul-07-2023 22:00:42'
}
{
  name: 'NotFoundError',
  status: 404,
  type: 'not_found',
  level: 'error',
  label: 'custom logger',
  timestamp: 'Jul-07-2023 22:02:20'
}
{
  name: 'NotFoundError',
  status: 404,
  type: 'not_found',
  level: 'error',
  label: 'custom logger',
  timestamp: 'Jul-07-2023 22:07:10'
}
{
  message: 'connected to shoperz database successfully ..',
  level: 'info',
  label: 'custom logger',
  timestamp: 'Jul-07-2023 23:25:56'
}
{
  name: 'NotFoundError',
  status: 404,
  type: 'not_found',
  level: 'error',
  label: 'custom logger',
  timestamp: 'Jul-07-2023 23:28:04'
}
{
  name: 'NotFoundError',
  status: 404,
  type: 'not_found',
  level: 'error',
  label: 'custom logger',
  timestamp: 'Jul-07-2023 23:28:15'
}
{
  name: 'NotFoundError',
  status: 404,
  type: 'not_found',
  level: 'error',
  label: 'custom logger',
  timestamp: 'Jul-07-2023 23:28:20'
}
{
  name: 'NotFoundError',
  status: 404,
  type: 'not_found',
  level: 'error',
  label: 'custom logger',
  timestamp: 'Jul-07-2023 23:28:24'
}
{
  name: 'NotFoundError',
  status: 404,
  type: 'not_found',
  level: 'error',
  label: 'custom logger',
  timestamp: 'Jul-07-2023 23:28:30'
}
{
  message: 'connected to shoperz database successfully ..',
  level: 'info',
  label: 'custom logger',
  timestamp: 'Jul-07-2023 23:30:06'
}
{
  name: 'NotFoundError',
  status: 404,
  type: 'not_found',
  level: 'error',
  label: 'custom logger',
  timestamp: 'Jul-07-2023 23:30:08'
}
{
  name: 'NotFoundError',
  status: 404,
  type: 'not_found',
  level: 'error',
  label: 'custom logger',
  timestamp: 'Jul-07-2023 23:30:19'
}
{
  message: 'connected to shoperz database successfully ..',
  level: 'info',
  label: 'custom logger',
  timestamp: 'Jul-07-2023 23:31:17'
}
{
  name: 'NotFoundError',
  status: 404,
  type: 'not_found',
  level: 'error',
  label: 'custom logger',
  timestamp: 'Jul-07-2023 23:31:21'
}
{
  message: 'connected to shoperz database successfully ..',
  level: 'info',
  label: 'custom logger',
  timestamp: 'Jul-07-2023 23:31:34'
}
{
  name: 'NotFoundError',
  status: 404,
  type: 'not_found',
  level: 'error',
  label: 'custom logger',
  timestamp: 'Jul-07-2023 23:31:34'
}
{
  message: 'connected to shoperz database successfully ..',
  level: 'info',
  label: 'custom logger',
  timestamp: 'Jul-07-2023 23:32:24'
}
{
  name: 'NotFoundError',
  status: 404,
  type: 'not_found',
  level: 'error',
  label: 'custom logger',
  timestamp: 'Jul-07-2023 23:32:24'
}
{
  message: 'connected to shoperz database successfully ..',
  level: 'info',
  label: 'custom logger',
  timestamp: 'Jul-07-2023 23:33:25'
}
{
  name: 'NotFoundError',
  status: 404,
  type: 'not_found',
  level: 'error',
  label: 'custom logger',
  timestamp: 'Jul-07-2023 23:33:28'
}
{
  message: 'connected to shoperz database successfully ..',
  level: 'info',
  label: 'custom logger',
  timestamp: 'Jul-07-2023 23:34:13'
}
{
  message: 'connected to shoperz database successfully ..',
  level: 'info',
  label: 'custom logger',
  timestamp: 'Jul-07-2023 23:34:16'
}
{
  name: 'NotFoundError',
  status: 404,
  type: 'not_found',
  level: 'error',
  label: 'custom logger',
  timestamp: 'Jul-07-2023 23:34:17'
}
