{
  message: 'connected to shoperz database successfully ..',
  level: 'info',
  label: 'custom logger',
  timestamp: 'Jun-20-2023 09:43:45'
}
{
  message: 'connected to shoperz database successfully ..',
  level: 'info',
  label: 'custom logger',
  timestamp: 'Jun-20-2023 09:52:45'
}
{
  message: 'connected to shoperz database successfully ..',
  level: 'info',
  label: 'custom logger',
  timestamp: 'Jun-20-2023 09:53:05'
}
{
  name: 'InternalError',
  status: 500,
  type: 'internal_error',
  cause: undefined,
  level: 'error',
  label: 'custom logger',
  timestamp: 'Jun-20-2023 09:55:02'
}
{
  name: 'InternalError',
  status: 500,
  type: 'internal_error',
  cause: undefined,
  level: 'error',
  label: 'custom logger',
  timestamp: 'Jun-20-2023 09:55:33'
}
{
  message: 'connected to shoperz database successfully ..',
  level: 'info',
  label: 'custom logger',
  timestamp: 'Jun-20-2023 09:57:14'
}
{
  name: 'InternalError',
  status: 500,
  type: 'internal_error',
  cause: undefined,
  level: 'error',
  label: 'custom logger',
  timestamp: 'Jun-20-2023 09:57:18'
}
{
  message: 'connected to shoperz database successfully ..',
  level: 'info',
  label: 'custom logger',
  timestamp: 'Jun-20-2023 10:03:54'
}
{
  name: 'InternalError',
  status: 500,
  type: 'internal_error',
  cause: undefined,
  level: 'error',
  label: 'custom logger',
  timestamp: 'Jun-20-2023 10:07:06'
}
{
  message: 'connected to shoperz database successfully ..',
  level: 'info',
  label: 'custom logger',
  timestamp: 'Jun-20-2023 10:09:35'
}
{
  message: 'connected to shoperz database successfully ..',
  level: 'info',
  label: 'custom logger',
  timestamp: 'Jun-20-2023 10:23:51'
}
{
  message: 'connected to shoperz database successfully ..',
  level: 'info',
  label: 'custom logger',
  timestamp: 'Jun-20-2023 10:27:12'
}
{
  message: 'connected to shoperz database successfully ..',
  level: 'info',
  label: 'custom logger',
  timestamp: 'Jun-20-2023 10:27:55'
}
{
  message: 'connected to shoperz database successfully ..',
  level: 'info',
  label: 'custom logger',
  timestamp: 'Jun-20-2023 11:29:29'
}
{
  name: 'InternalError',
  status: 500,
  type: 'internal_error',
  cause: undefined,
  level: 'error',
  label: 'custom logger',
  timestamp: 'Jun-20-2023 11:33:20'
}
{
  name: 'InternalError',
  status: 500,
  type: 'internal_error',
  cause: undefined,
  level: 'error',
  label: 'custom logger',
  timestamp: 'Jun-20-2023 11:34:23'
}
{
  message: 'connected to shoperz database successfully ..',
  level: 'info',
  label: 'custom logger',
  timestamp: 'Jun-20-2023 11:35:39'
}
{
  name: 'InternalError',
  status: 500,
  type: 'internal_error',
  cause: undefined,
  level: 'error',
  label: 'custom logger',
  timestamp: 'Jun-20-2023 11:35:43'
}
{
  message: 'connected to shoperz database successfully ..',
  level: 'info',
  label: 'custom logger',
  timestamp: 'Jun-20-2023 11:36:18'
}
{
  name: 'InternalError',
  status: 500,
  type: 'internal_error',
  cause: undefined,
  level: 'error',
  label: 'custom logger',
  timestamp: 'Jun-20-2023 11:36:22'
}
{
  message: 'connected to shoperz database successfully ..',
  level: 'info',
  label: 'custom logger',
  timestamp: 'Jun-20-2023 11:36:31'
}
{
  name: 'InternalError',
  status: 500,
  type: 'internal_error',
  cause: undefined,
  level: 'error',
  label: 'custom logger',
  timestamp: 'Jun-20-2023 11:36:39'
}
{
  message: 'connected to shoperz database successfully ..',
  level: 'info',
  label: 'custom logger',
  timestamp: 'Jun-20-2023 11:36:46'
}
{
  message: 'connected to shoperz database successfully ..',
  level: 'info',
  label: 'custom logger',
  timestamp: 'Jun-20-2023 11:36:57'
}
{
  message: 'connected to shoperz database successfully ..',
  level: 'info',
  label: 'custom logger',
  timestamp: 'Jun-20-2023 11:37:08'
}
{
  message: 'connected to shoperz database successfully ..',
  level: 'info',
  label: 'custom logger',
  timestamp: 'Jun-20-2023 11:37:15'
}
{
  name: 'InternalError',
  status: 500,
  type: 'internal_error',
  cause: undefined,
  level: 'error',
  label: 'custom logger',
  timestamp: 'Jun-20-2023 11:38:34'
}
{
  message: 'connected to shoperz database successfully ..',
  level: 'info',
  label: 'custom logger',
  timestamp: 'Jun-20-2023 11:39:43'
}
{
  message: 'connected to shoperz database successfully ..',
  level: 'info',
  label: 'custom logger',
  timestamp: 'Jun-20-2023 11:40:16'
}
{
  name: 'InternalError',
  status: 500,
  type: 'internal_error',
  cause: undefined,
  level: 'error',
  label: 'custom logger',
  timestamp: 'Jun-20-2023 11:40:21'
}
{
  message: 'connected to shoperz database successfully ..',
  level: 'info',
  label: 'custom logger',
  timestamp: 'Jun-20-2023 11:40:38'
}
{
  name: 'InternalError',
  status: 500,
  type: 'internal_error',
  cause: undefined,
  level: 'error',
  label: 'custom logger',
  timestamp: 'Jun-20-2023 11:40:40'
}
{
  message: 'connected to shoperz database successfully ..',
  level: 'info',
  label: 'custom logger',
  timestamp: 'Jun-20-2023 11:41:07'
}
{
  name: 'InternalError',
  status: 500,
  type: 'internal_error',
  cause: undefined,
  level: 'error',
  label: 'custom logger',
  timestamp: 'Jun-20-2023 11:41:09'
}
{
  message: 'connected to shoperz database successfully ..',
  level: 'info',
  label: 'custom logger',
  timestamp: 'Jun-20-2023 11:41:17'
}
{
  name: 'InternalError',
  status: 500,
  type: 'internal_error',
  cause: undefined,
  level: 'error',
  label: 'custom logger',
  timestamp: 'Jun-20-2023 11:41:19'
}
{
  message: 'connected to shoperz database successfully ..',
  level: 'info',
  label: 'custom logger',
  timestamp: 'Jun-20-2023 11:42:13'
}
{
  name: 'InternalError',
  status: 500,
  type: 'internal_error',
  cause: undefined,
  level: 'error',
  label: 'custom logger',
  timestamp: 'Jun-20-2023 11:42:20'
}
{
  name: 'InternalError',
  status: 500,
  type: 'internal_error',
  cause: undefined,
  level: 'error',
  label: 'custom logger',
  timestamp: 'Jun-20-2023 11:42:22'
}
{
  message: 'connected to shoperz database successfully ..',
  level: 'info',
  label: 'custom logger',
  timestamp: 'Jun-20-2023 11:43:29'
}
{
  name: 'InternalError',
  status: 500,
  type: 'internal_error',
  cause: undefined,
  level: 'error',
  label: 'custom logger',
  timestamp: 'Jun-20-2023 11:43:40'
}
{
  name: 'InternalError',
  status: 500,
  type: 'internal_error',
  cause: undefined,
  level: 'error',
  label: 'custom logger',
  timestamp: 'Jun-20-2023 11:43:43'
}
{
  message: 'connected to shoperz database successfully ..',
  level: 'info',
  label: 'custom logger',
  timestamp: 'Jun-20-2023 11:44:18'
}
{
  name: 'InternalError',
  status: 500,
  type: 'internal_error',
  cause: undefined,
  level: 'error',
  label: 'custom logger',
  timestamp: 'Jun-20-2023 11:44:21'
}
{
  message: 'connected to shoperz database successfully ..',
  level: 'info',
  label: 'custom logger',
  timestamp: 'Jun-20-2023 13:32:05'
}
